Release 14.2 - xst P.28xd (nt64)
Copyright (c) 1995-2012 Xilinx, Inc.  All rights reserved.
--> Parameter TMPDIR set to xst/projnav.tmp


Total REAL time to Xst completion: 0.00 secs
Total CPU time to Xst completion: 0.11 secs
 
--> Parameter xsthdpdir set to xst


Total REAL time to Xst completion: 0.00 secs
Total CPU time to Xst completion: 0.11 secs
 
--> Reading design: cpu.prj

TABLE OF CONTENTS
  1) Synthesis Options Summary
  2) HDL Compilation
  3) Design Hierarchy Analysis
  4) HDL Analysis
  5) HDL Synthesis
     5.1) HDL Synthesis Report
  6) Advanced HDL Synthesis
     6.1) Advanced HDL Synthesis Report
  7) Low Level Synthesis
  8) Partition Report
  9) Final Report
	9.1) Device utilization summary
	9.2) Partition Resource Summary
	9.3) TIMING REPORT


=========================================================================
*                      Synthesis Options Summary                        *
=========================================================================
---- Source Parameters
Input File Name                    : "cpu.prj"
Input Format                       : mixed
Ignore Synthesis Constraint File   : NO

---- Target Parameters
Output File Name                   : "cpu"
Output Format                      : NGC
Target Device                      : xc3s100e-5-vq100

---- Source Options
Top Module Name                    : cpu
Automatic FSM Extraction           : YES
FSM Encoding Algorithm             : Auto
Safe Implementation                : No
FSM Style                          : LUT
RAM Extraction                     : Yes
RAM Style                          : Auto
ROM Extraction                     : Yes
Mux Style                          : Auto
Decoder Extraction                 : YES
Priority Encoder Extraction        : Yes
Shift Register Extraction          : YES
Logical Shifter Extraction         : YES
XOR Collapsing                     : YES
ROM Style                          : Auto
Mux Extraction                     : Yes
Resource Sharing                   : YES
Asynchronous To Synchronous        : NO
Multiplier Style                   : Auto
Automatic Register Balancing       : No

---- Target Options
Add IO Buffers                     : YES
Global Maximum Fanout              : 100000
Add Generic Clock Buffer(BUFG)     : 24
Register Duplication               : YES
Slice Packing                      : YES
Optimize Instantiated Primitives   : NO
Use Clock Enable                   : Yes
Use Synchronous Set                : Yes
Use Synchronous Reset              : Yes
Pack IO Registers into IOBs        : Auto
Equivalent register Removal        : YES

---- General Options
Optimization Goal                  : Speed
Optimization Effort                : 1
Keep Hierarchy                     : No
Netlist Hierarchy                  : As_Optimized
RTL Output                         : Yes
Global Optimization                : AllClockNets
Read Cores                         : YES
Write Timing Constraints           : NO
Cross Clock Analysis               : NO
Hierarchy Separator                : /
Bus Delimiter                      : <>
Case Specifier                     : Maintain
Slice Utilization Ratio            : 100
BRAM Utilization Ratio             : 100
Verilog 2001                       : YES
Auto BRAM Packing                  : NO
Slice Utilization Ratio Delta      : 5

=========================================================================


=========================================================================
*                          HDL Compilation                              *
=========================================================================
Compiling verilog file "NAND_gate.v" in library work
Compiling verilog file "NOT_gate.v" in library work
Module <NAND_gate> compiled
Compiling verilog file "or_gate.v" in library work
Module <NOT_gate> compiled
Compiling verilog file "mux2x1.v" in library work
Module <or_gate> compiled
Compiling verilog file "halfadder.v" in library work
Module <mux21> compiled
Compiling verilog file "dflipflop.v" in library work
Module <halfadder> compiled
Compiling verilog file "register_1bit.v" in library work
Module <dff> compiled
Compiling verilog file "fulladder.v" in library work
Module <reg_1bit> compiled
Compiling verilog file "AND_gate.v" in library work
Module <fulladder> compiled
Compiling verilog file "register_16bit.v" in library work
Module <and_gate> compiled
Compiling verilog file "or8_gate.v" in library work
Module <register_16> compiled
Compiling verilog file "notgate_16bit.v" in library work
Module <or8_gate> compiled
Compiling verilog file "mux2x1_16bit.v" in library work
Module <notgate_16> compiled
Compiling verilog file "mux16_21.v" in library work
Module <mux_16_21> compiled
Compiling verilog file "fulladder_16bit.v" in library work
Module <mux16_21> compiled
Compiling verilog file "andgate_16bit.v" in library work
Module <fa_16> compiled
Compiling verilog file "programcounter.v" in library work
Module <and_16> compiled
Compiling verilog file "newcpu.v" in library work
Module <pc> compiled
Compiling verilog file "partofcpu.v" in library work
Module <newalu> compiled
Module <cpu> compiled
No errors in compilation
Analysis of file <"cpu.prj"> succeeded.
 

=========================================================================
*                     Design Hierarchy Analysis                         *
=========================================================================
Analyzing hierarchy for module <cpu> in library <work>.

Analyzing hierarchy for module <mux16_21> in library <work>.

Analyzing hierarchy for module <NOT_gate> in library <work>.

Analyzing hierarchy for module <or_gate> in library <work>.

Analyzing hierarchy for module <register_16> in library <work>.

Analyzing hierarchy for module <and_gate> in library <work>.

Analyzing hierarchy for module <newalu> in library <work>.

Analyzing hierarchy for module <pc> in library <work>.

Analyzing hierarchy for module <mux21> in library <work>.

Analyzing hierarchy for module <NAND_gate> in library <work>.

Analyzing hierarchy for module <reg_1bit> in library <work>.

Analyzing hierarchy for module <mux_16_21> in library <work>.

Analyzing hierarchy for module <notgate_16> in library <work>.

Analyzing hierarchy for module <and_16> in library <work>.

Analyzing hierarchy for module <fa_16> in library <work>.

Analyzing hierarchy for module <or8_gate> in library <work>.

Analyzing hierarchy for module <or_gate> in library <work>.

Analyzing hierarchy for module <mux16_21> in library <work>.

Analyzing hierarchy for module <NOT_gate> in library <work>.

Analyzing hierarchy for module <and_gate> in library <work>.

Analyzing hierarchy for module <register_16> in library <work>.

Analyzing hierarchy for module <mux21> in library <work>.

Analyzing hierarchy for module <dff> in library <work>.

Analyzing hierarchy for module <and_gate> in library <work>.

Analyzing hierarchy for module <and_gate> in library <work>.

Analyzing hierarchy for module <and_gate> in library <work>.

Analyzing hierarchy for module <and_gate> in library <work>.

Analyzing hierarchy for module <and_gate> in library <work>.

Analyzing hierarchy for module <and_gate> in library <work>.

Analyzing hierarchy for module <and_gate> in library <work>.

Analyzing hierarchy for module <and_gate> in library <work>.

Analyzing hierarchy for module <and_gate> in library <work>.

Analyzing hierarchy for module <and_gate> in library <work>.

Analyzing hierarchy for module <and_gate> in library <work>.

Analyzing hierarchy for module <and_gate> in library <work>.

Analyzing hierarchy for module <and_gate> in library <work>.

Analyzing hierarchy for module <and_gate> in library <work>.

Analyzing hierarchy for module <and_gate> in library <work>.

Analyzing hierarchy for module <and_gate> in library <work>.

Analyzing hierarchy for module <fulladder> in library <work>.

Analyzing hierarchy for module <or_gate> in library <work>.

Analyzing hierarchy for module <or_gate> in library <work>.

Analyzing hierarchy for module <or_gate> in library <work>.

Analyzing hierarchy for module <or_gate> in library <work>.

Analyzing hierarchy for module <or_gate> in library <work>.

Analyzing hierarchy for module <or_gate> in library <work>.

Analyzing hierarchy for module <or_gate> in library <work>.

Analyzing hierarchy for module <NAND_gate> in library <work>.

Analyzing hierarchy for module <reg_1bit> in library <work>.

Analyzing hierarchy for module <NOT_gate> in library <work>.

Analyzing hierarchy for module <NAND_gate> in library <work>.

Analyzing hierarchy for module <NAND_gate> in library <work>.

Analyzing hierarchy for module <NAND_gate> in library <work>.

Analyzing hierarchy for module <NAND_gate> in library <work>.

Analyzing hierarchy for module <NAND_gate> in library <work>.

Analyzing hierarchy for module <NAND_gate> in library <work>.

Analyzing hierarchy for module <halfadder> in library <work>.

Analyzing hierarchy for module <or_gate> in library <work>.

Analyzing hierarchy for module <mux21> in library <work>.

Analyzing hierarchy for module <dff> in library <work>.

Analyzing hierarchy for module <NAND_gate> in library <work>.

Analyzing hierarchy for module <NAND_gate> in library <work>.

Analyzing hierarchy for module <NAND_gate> in library <work>.

Analyzing hierarchy for module <NAND_gate> in library <work>.

Analyzing hierarchy for module <NAND_gate> in library <work>.

Analyzing hierarchy for module <NAND_gate> in library <work>.

Analyzing hierarchy for module <NAND_gate> in library <work>.

Analyzing hierarchy for module <NAND_gate> in library <work>.

Analyzing hierarchy for module <NOT_gate> in library <work>.

Analyzing hierarchy for module <NAND_gate> in library <work>.


=========================================================================
*                            HDL Analysis                               *
=========================================================================
Analyzing top module <cpu>.
Module <cpu> is correct for synthesis.
 
Analyzing module <mux16_21> in library <work>.
Module <mux16_21> is correct for synthesis.
 
Analyzing module <mux21> in library <work>.
Module <mux21> is correct for synthesis.
 
Analyzing module <NAND_gate> in library <work>.
Module <NAND_gate> is correct for synthesis.
 
Analyzing module <NOT_gate> in library <work>.
Module <NOT_gate> is correct for synthesis.
 
Analyzing module <or_gate> in library <work>.
Module <or_gate> is correct for synthesis.
 
Analyzing module <register_16> in library <work>.
Module <register_16> is correct for synthesis.
 
Analyzing module <reg_1bit> in library <work>.
Module <reg_1bit> is correct for synthesis.
 
Analyzing module <dff> in library <work>.
Module <dff> is correct for synthesis.
 
Analyzing module <and_gate> in library <work>.
Module <and_gate> is correct for synthesis.
 
Analyzing module <newalu> in library <work>.
Module <newalu> is correct for synthesis.
 
Analyzing module <mux_16_21> in library <work>.
Module <mux_16_21> is correct for synthesis.
 
Analyzing module <notgate_16> in library <work>.
Module <notgate_16> is correct for synthesis.
 
Analyzing module <and_16> in library <work>.
Module <and_16> is correct for synthesis.
 
Analyzing module <fa_16> in library <work>.
Module <fa_16> is correct for synthesis.
 
Analyzing module <fulladder> in library <work>.
Module <fulladder> is correct for synthesis.
 
Analyzing module <halfadder> in library <work>.
Module <halfadder> is correct for synthesis.
 
Analyzing module <or8_gate> in library <work>.
Module <or8_gate> is correct for synthesis.
 
Analyzing module <pc> in library <work>.
Module <pc> is correct for synthesis.
 

=========================================================================
*                           HDL Synthesis                               *
=========================================================================

Performing bidirectional port resolution...

Synthesizing Unit <NAND_gate>.
    Related source file is "NAND_gate.v".
Unit <NAND_gate> synthesized.


Synthesizing Unit <NOT_gate>.
    Related source file is "NOT_gate.v".
Unit <NOT_gate> synthesized.


Synthesizing Unit <or_gate>.
    Related source file is "or_gate.v".
Unit <or_gate> synthesized.


Synthesizing Unit <and_gate>.
    Related source file is "AND_gate.v".
Unit <and_gate> synthesized.


Synthesizing Unit <mux21>.
    Related source file is "mux2x1.v".
Unit <mux21> synthesized.


Synthesizing Unit <halfadder>.
    Related source file is "halfadder.v".
Unit <halfadder> synthesized.


Synthesizing Unit <mux16_21>.
    Related source file is "mux16_21.v".
Unit <mux16_21> synthesized.


Synthesizing Unit <dff>.
    Related source file is "dflipflop.v".
Unit <dff> synthesized.


Synthesizing Unit <mux_16_21>.
    Related source file is "mux2x1_16bit.v".
Unit <mux_16_21> synthesized.


Synthesizing Unit <notgate_16>.
    Related source file is "notgate_16bit.v".
Unit <notgate_16> synthesized.


Synthesizing Unit <and_16>.
    Related source file is "andgate_16bit.v".
Unit <and_16> synthesized.


Synthesizing Unit <or8_gate>.
    Related source file is "or8_gate.v".
Unit <or8_gate> synthesized.


Synthesizing Unit <fulladder>.
    Related source file is "fulladder.v".
Unit <fulladder> synthesized.


Synthesizing Unit <reg_1bit>.
    Related source file is "register_1bit.v".
Unit <reg_1bit> synthesized.


Synthesizing Unit <fa_16>.
    Related source file is "fulladder_16bit.v".
Unit <fa_16> synthesized.


Synthesizing Unit <register_16>.
    Related source file is "register_16bit.v".
Unit <register_16> synthesized.


Synthesizing Unit <newalu>.
    Related source file is "newcpu.v".
WARNING:Xst:646 - Signal <s<14:0>> is assigned but never used. This unconnected signal will be trimmed during the optimization process.
WARNING:Xst:646 - Signal <cz> is assigned but never used. This unconnected signal will be trimmed during the optimization process.
Unit <newalu> synthesized.


Synthesizing Unit <pc>.
    Related source file is "programcounter.v".
WARNING:Xst:1780 - Signal <w7> is never used or assigned. This unconnected signal will be trimmed during the optimization process.
WARNING:Xst:646 - Signal <cz> is assigned but never used. This unconnected signal will be trimmed during the optimization process.
Unit <pc> synthesized.


Synthesizing Unit <cpu>.
    Related source file is "partofcpu.v".
Unit <cpu> synthesized.


=========================================================================
HDL Synthesis Report

Found no macro
=========================================================================

=========================================================================
*                       Advanced HDL Synthesis                          *
=========================================================================

WARNING:Xst:1290 - Hierarchical block <h5> is unconnected in block <f1>.
   It will be removed from the design.
WARNING:Xst:1290 - Hierarchical block <h5> is unconnected in block <f2>.
   It will be removed from the design.
WARNING:Xst:1290 - Hierarchical block <f3> is unconnected in block <f16>.
   It will be removed from the design.
WARNING:Xst:1290 - Hierarchical block <mu1> is unconnected in block <m7>.
   It will be removed from the design.
WARNING:Xst:1290 - Hierarchical block <mu2> is unconnected in block <m7>.
   It will be removed from the design.
WARNING:Xst:1290 - Hierarchical block <mu3> is unconnected in block <m7>.
   It will be removed from the design.
WARNING:Xst:1290 - Hierarchical block <mu4> is unconnected in block <m7>.
   It will be removed from the design.
WARNING:Xst:1290 - Hierarchical block <mu5> is unconnected in block <m7>.
   It will be removed from the design.
WARNING:Xst:1290 - Hierarchical block <mu6> is unconnected in block <m7>.
   It will be removed from the design.
WARNING:Xst:1290 - Hierarchical block <mu7> is unconnected in block <m7>.
   It will be removed from the design.
WARNING:Xst:1290 - Hierarchical block <mu8> is unconnected in block <m7>.
   It will be removed from the design.
WARNING:Xst:1290 - Hierarchical block <mu9> is unconnected in block <m7>.
   It will be removed from the design.
WARNING:Xst:1290 - Hierarchical block <mu10> is unconnected in block <m7>.
   It will be removed from the design.
WARNING:Xst:1290 - Hierarchical block <mu11> is unconnected in block <m7>.
   It will be removed from the design.
WARNING:Xst:1290 - Hierarchical block <mu12> is unconnected in block <m7>.
   It will be removed from the design.
WARNING:Xst:1290 - Hierarchical block <mu13> is unconnected in block <m7>.
   It will be removed from the design.
WARNING:Xst:1290 - Hierarchical block <mu14> is unconnected in block <m7>.
   It will be removed from the design.
WARNING:Xst:1290 - Hierarchical block <mu15> is unconnected in block <m7>.
   It will be removed from the design.
WARNING:Xst:1290 - Hierarchical block <h5> is unconnected in block <f1>.
   It will be removed from the design.
WARNING:Xst:1290 - Hierarchical block <h5> is unconnected in block <f2>.
   It will be removed from the design.
WARNING:Xst:1290 - Hierarchical block <f3> is unconnected in block <f16>.
   It will be removed from the design.
WARNING:Xst:1290 - Hierarchical block <m1> is unconnected in block <mx16>.
   It will be removed from the design.
WARNING:Xst:1290 - Hierarchical block <m2> is unconnected in block <mx16>.
   It will be removed from the design.
WARNING:Xst:1290 - Hierarchical block <m3> is unconnected in block <mu1>.
   It will be removed from the design.
WARNING:Xst:1290 - Hierarchical block <m3> is unconnected in block <mu2>.
   It will be removed from the design.
WARNING:Xst:1290 - Hierarchical block <m3> is unconnected in block <mu3>.
   It will be removed from the design.
WARNING:Xst:1290 - Hierarchical block <m3> is unconnected in block <mu4>.
   It will be removed from the design.
WARNING:Xst:1290 - Hierarchical block <m3> is unconnected in block <mu5>.
   It will be removed from the design.
WARNING:Xst:1290 - Hierarchical block <m3> is unconnected in block <mu6>.
   It will be removed from the design.
WARNING:Xst:1290 - Hierarchical block <m3> is unconnected in block <mu7>.
   It will be removed from the design.
WARNING:Xst:1290 - Hierarchical block <m3> is unconnected in block <mu8>.
   It will be removed from the design.
WARNING:Xst:1290 - Hierarchical block <m3> is unconnected in block <mu9>.
   It will be removed from the design.
WARNING:Xst:1290 - Hierarchical block <m3> is unconnected in block <mu10>.
   It will be removed from the design.
WARNING:Xst:1290 - Hierarchical block <m3> is unconnected in block <mu11>.
   It will be removed from the design.
WARNING:Xst:1290 - Hierarchical block <m3> is unconnected in block <mu12>.
   It will be removed from the design.
WARNING:Xst:1290 - Hierarchical block <m3> is unconnected in block <mu13>.
   It will be removed from the design.
WARNING:Xst:1290 - Hierarchical block <m3> is unconnected in block <mu14>.
   It will be removed from the design.
WARNING:Xst:1290 - Hierarchical block <m3> is unconnected in block <mu15>.
   It will be removed from the design.
WARNING:Xst:1290 - Hierarchical block <m3> is unconnected in block <mu16>.
   It will be removed from the design.
WARNING:Xst:1290 - Hierarchical block <m3> is unconnected in block <mu1>.
   It will be removed from the design.
WARNING:Xst:1290 - Hierarchical block <m3> is unconnected in block <mu2>.
   It will be removed from the design.
WARNING:Xst:1290 - Hierarchical block <m3> is unconnected in block <mu3>.
   It will be removed from the design.
WARNING:Xst:1290 - Hierarchical block <m3> is unconnected in block <mu4>.
   It will be removed from the design.
WARNING:Xst:1290 - Hierarchical block <m3> is unconnected in block <mu5>.
   It will be removed from the design.
WARNING:Xst:1290 - Hierarchical block <m3> is unconnected in block <mu6>.
   It will be removed from the design.
WARNING:Xst:1290 - Hierarchical block <m3> is unconnected in block <mu7>.
   It will be removed from the design.
WARNING:Xst:1290 - Hierarchical block <m3> is unconnected in block <mu8>.
   It will be removed from the design.
WARNING:Xst:1290 - Hierarchical block <m3> is unconnected in block <mu9>.
   It will be removed from the design.
WARNING:Xst:1290 - Hierarchical block <m3> is unconnected in block <mu10>.
   It will be removed from the design.
WARNING:Xst:1290 - Hierarchical block <m3> is unconnected in block <mu11>.
   It will be removed from the design.
WARNING:Xst:1290 - Hierarchical block <m3> is unconnected in block <mu12>.
   It will be removed from the design.
WARNING:Xst:1290 - Hierarchical block <m3> is unconnected in block <mu13>.
   It will be removed from the design.
WARNING:Xst:1290 - Hierarchical block <m3> is unconnected in block <mu14>.
   It will be removed from the design.
WARNING:Xst:1290 - Hierarchical block <m3> is unconnected in block <mu15>.
   It will be removed from the design.
WARNING:Xst:1290 - Hierarchical block <m3> is unconnected in block <mu16>.
   It will be removed from the design.
WARNING:Xst:1290 - Hierarchical block <h1> is unconnected in block <f2>.
   It will be removed from the design.
WARNING:Xst:1290 - Hierarchical block <h3> is unconnected in block <f2>.
   It will be removed from the design.
WARNING:Xst:1290 - Hierarchical block <h5> is unconnected in block <f2>.
   It will be removed from the design.
WARNING:Xst:1290 - Hierarchical block <o2> is unconnected in block <f3>.
   It will be removed from the design.
WARNING:Xst:1290 - Hierarchical block <m3> is unconnected in block <m8>.
   It will be removed from the design.
WARNING:Xst:1290 - Hierarchical block <m3> is unconnected in block <mx1>.
   It will be removed from the design.
WARNING:Xst:1290 - Hierarchical block <m3> is unconnected in block <mx2>.
   It will be removed from the design.
WARNING:Xst:1290 - Hierarchical block <m3> is unconnected in block <mx3>.
   It will be removed from the design.
WARNING:Xst:1290 - Hierarchical block <m3> is unconnected in block <mx4>.
   It will be removed from the design.
WARNING:Xst:1290 - Hierarchical block <m3> is unconnected in block <mx5>.
   It will be removed from the design.
WARNING:Xst:1290 - Hierarchical block <m3> is unconnected in block <mx6>.
   It will be removed from the design.
WARNING:Xst:1290 - Hierarchical block <m3> is unconnected in block <mx7>.
   It will be removed from the design.
WARNING:Xst:1290 - Hierarchical block <m3> is unconnected in block <mx8>.
   It will be removed from the design.
WARNING:Xst:1290 - Hierarchical block <m3> is unconnected in block <mx9>.
   It will be removed from the design.
WARNING:Xst:1290 - Hierarchical block <m3> is unconnected in block <mx10>.
   It will be removed from the design.
WARNING:Xst:1290 - Hierarchical block <m3> is unconnected in block <mx11>.
   It will be removed from the design.
WARNING:Xst:1290 - Hierarchical block <m3> is unconnected in block <mx12>.
   It will be removed from the design.
WARNING:Xst:1290 - Hierarchical block <m3> is unconnected in block <mx13>.
   It will be removed from the design.
WARNING:Xst:1290 - Hierarchical block <m3> is unconnected in block <mx14>.
   It will be removed from the design.
WARNING:Xst:1290 - Hierarchical block <m3> is unconnected in block <mx15>.
   It will be removed from the design.
WARNING:Xst:1290 - Hierarchical block <m3> is unconnected in block <mx16>.
   It will be removed from the design.
WARNING:Xst:1290 - Hierarchical block <h1> is unconnected in block <f2>.
   It will be removed from the design.
WARNING:Xst:1290 - Hierarchical block <h3> is unconnected in block <f2>.
   It will be removed from the design.
WARNING:Xst:1290 - Hierarchical block <h5> is unconnected in block <f2>.
   It will be removed from the design.
WARNING:Xst:1290 - Hierarchical block <o2> is unconnected in block <f3>.
   It will be removed from the design.
WARNING:Xst:1290 - Hierarchical block <h3> is unconnected in block <f1>.
   It will be removed from the design.
WARNING:Xst:1290 - Hierarchical block <h5> is unconnected in block <f1>.
   It will be removed from the design.
WARNING:Xst:1290 - Hierarchical block <o1> is unconnected in block <f3>.
   It will be removed from the design.
WARNING:Xst:1290 - Hierarchical block <h3> is unconnected in block <f1>.
   It will be removed from the design.
WARNING:Xst:1290 - Hierarchical block <h5> is unconnected in block <f1>.
   It will be removed from the design.
WARNING:Xst:1290 - Hierarchical block <o1> is unconnected in block <f3>.
   It will be removed from the design.
WARNING:Xst:1290 - Hierarchical block <h3> is unconnected in block <f1>.
   It will be removed from the design.
WARNING:Xst:1290 - Hierarchical block <h5> is unconnected in block <f1>.
   It will be removed from the design.
WARNING:Xst:1290 - Hierarchical block <o1> is unconnected in block <f3>.
   It will be removed from the design.
WARNING:Xst:1290 - Hierarchical block <h3> is unconnected in block <f1>.
   It will be removed from the design.
WARNING:Xst:1290 - Hierarchical block <h5> is unconnected in block <f1>.
   It will be removed from the design.
WARNING:Xst:1290 - Hierarchical block <o1> is unconnected in block <f3>.
   It will be removed from the design.
WARNING:Xst:1290 - Hierarchical block <h3> is unconnected in block <f1>.
   It will be removed from the design.
WARNING:Xst:1290 - Hierarchical block <h5> is unconnected in block <f1>.
   It will be removed from the design.
WARNING:Xst:1290 - Hierarchical block <o1> is unconnected in block <f3>.
   It will be removed from the design.
WARNING:Xst:1290 - Hierarchical block <h3> is unconnected in block <f1>.
   It will be removed from the design.
WARNING:Xst:1290 - Hierarchical block <h5> is unconnected in block <f1>.
   It will be removed from the design.
WARNING:Xst:1290 - Hierarchical block <o1> is unconnected in block <f3>.
   It will be removed from the design.
WARNING:Xst:1290 - Hierarchical block <h3> is unconnected in block <f1>.
   It will be removed from the design.
WARNING:Xst:1290 - Hierarchical block <h5> is unconnected in block <f1>.
   It will be removed from the design.
WARNING:Xst:1290 - Hierarchical block <o1> is unconnected in block <f3>.
   It will be removed from the design.
WARNING:Xst:1290 - Hierarchical block <h3> is unconnected in block <f1>.
   It will be removed from the design.
WARNING:Xst:1290 - Hierarchical block <h5> is unconnected in block <f1>.
   It will be removed from the design.
WARNING:Xst:1290 - Hierarchical block <o1> is unconnected in block <f3>.
   It will be removed from the design.
WARNING:Xst:1290 - Hierarchical block <h3> is unconnected in block <f1>.
   It will be removed from the design.
WARNING:Xst:1290 - Hierarchical block <h5> is unconnected in block <f1>.
   It will be removed from the design.
WARNING:Xst:1290 - Hierarchical block <o1> is unconnected in block <f3>.
   It will be removed from the design.
WARNING:Xst:1290 - Hierarchical block <h3> is unconnected in block <f1>.
   It will be removed from the design.
WARNING:Xst:1290 - Hierarchical block <h5> is unconnected in block <f1>.
   It will be removed from the design.
WARNING:Xst:1290 - Hierarchical block <o1> is unconnected in block <f3>.
   It will be removed from the design.
WARNING:Xst:1290 - Hierarchical block <h3> is unconnected in block <f1>.
   It will be removed from the design.
WARNING:Xst:1290 - Hierarchical block <h5> is unconnected in block <f1>.
   It will be removed from the design.
WARNING:Xst:1290 - Hierarchical block <o1> is unconnected in block <f3>.
   It will be removed from the design.
WARNING:Xst:1290 - Hierarchical block <h3> is unconnected in block <f1>.
   It will be removed from the design.
WARNING:Xst:1290 - Hierarchical block <h5> is unconnected in block <f1>.
   It will be removed from the design.
WARNING:Xst:1290 - Hierarchical block <o1> is unconnected in block <f3>.
   It will be removed from the design.
WARNING:Xst:1290 - Hierarchical block <h3> is unconnected in block <f1>.
   It will be removed from the design.
WARNING:Xst:1290 - Hierarchical block <h5> is unconnected in block <f1>.
   It will be removed from the design.
WARNING:Xst:1290 - Hierarchical block <o1> is unconnected in block <f3>.
   It will be removed from the design.
WARNING:Xst:1290 - Hierarchical block <h3> is unconnected in block <f1>.
   It will be removed from the design.
WARNING:Xst:1290 - Hierarchical block <h5> is unconnected in block <f1>.
   It will be removed from the design.
WARNING:Xst:1290 - Hierarchical block <o1> is unconnected in block <f3>.
   It will be removed from the design.
WARNING:Xst:1290 - Hierarchical block <h1> is unconnected in block <f1>.
   It will be removed from the design.
WARNING:Xst:1290 - Hierarchical block <h3> is unconnected in block <f1>.
   It will be removed from the design.
WARNING:Xst:1290 - Hierarchical block <m1> is unconnected in block <r1>.
   It will be removed from the design.
WARNING:Xst:1290 - Hierarchical block <m2> is unconnected in block <r1>.
   It will be removed from the design.
WARNING:Xst:1290 - Hierarchical block <m1> is unconnected in block <r1>.
   It will be removed from the design.
WARNING:Xst:1290 - Hierarchical block <m2> is unconnected in block <r1>.
   It will be removed from the design.
WARNING:Xst:1290 - Hierarchical block <m1> is unconnected in block <r1>.
   It will be removed from the design.
WARNING:Xst:1290 - Hierarchical block <m2> is unconnected in block <r1>.
   It will be removed from the design.
WARNING:Xst:1290 - Hierarchical block <m1> is unconnected in block <r1>.
   It will be removed from the design.
WARNING:Xst:1290 - Hierarchical block <m2> is unconnected in block <r1>.
   It will be removed from the design.
WARNING:Xst:1290 - Hierarchical block <m1> is unconnected in block <r1>.
   It will be removed from the design.
WARNING:Xst:1290 - Hierarchical block <m2> is unconnected in block <r1>.
   It will be removed from the design.
WARNING:Xst:1290 - Hierarchical block <m1> is unconnected in block <r1>.
   It will be removed from the design.
WARNING:Xst:1290 - Hierarchical block <m2> is unconnected in block <r1>.
   It will be removed from the design.
WARNING:Xst:1290 - Hierarchical block <m1> is unconnected in block <r1>.
   It will be removed from the design.
WARNING:Xst:1290 - Hierarchical block <m2> is unconnected in block <r1>.
   It will be removed from the design.
WARNING:Xst:1290 - Hierarchical block <m1> is unconnected in block <r1>.
   It will be removed from the design.
WARNING:Xst:1290 - Hierarchical block <m2> is unconnected in block <r1>.
   It will be removed from the design.
WARNING:Xst:1290 - Hierarchical block <m1> is unconnected in block <r1>.
   It will be removed from the design.
WARNING:Xst:1290 - Hierarchical block <m2> is unconnected in block <r1>.
   It will be removed from the design.
WARNING:Xst:1290 - Hierarchical block <m1> is unconnected in block <r1>.
   It will be removed from the design.
WARNING:Xst:1290 - Hierarchical block <m2> is unconnected in block <r1>.
   It will be removed from the design.
WARNING:Xst:1290 - Hierarchical block <m1> is unconnected in block <r1>.
   It will be removed from the design.
WARNING:Xst:1290 - Hierarchical block <m2> is unconnected in block <r1>.
   It will be removed from the design.
WARNING:Xst:1290 - Hierarchical block <m1> is unconnected in block <r1>.
   It will be removed from the design.
WARNING:Xst:1290 - Hierarchical block <m2> is unconnected in block <r1>.
   It will be removed from the design.
WARNING:Xst:1290 - Hierarchical block <m1> is unconnected in block <r1>.
   It will be removed from the design.
WARNING:Xst:1290 - Hierarchical block <m2> is unconnected in block <r1>.
   It will be removed from the design.
WARNING:Xst:1290 - Hierarchical block <m1> is unconnected in block <r1>.
   It will be removed from the design.
WARNING:Xst:1290 - Hierarchical block <m2> is unconnected in block <r1>.
   It will be removed from the design.
WARNING:Xst:1290 - Hierarchical block <m1> is unconnected in block <r1>.
   It will be removed from the design.
WARNING:Xst:1290 - Hierarchical block <m2> is unconnected in block <r1>.
   It will be removed from the design.
WARNING:Xst:1290 - Hierarchical block <m1> is unconnected in block <r1>.
   It will be removed from the design.
WARNING:Xst:1290 - Hierarchical block <m2> is unconnected in block <r1>.
   It will be removed from the design.
WARNING:Xst:1290 - Hierarchical block <h1> is unconnected in block <f1>.
   It will be removed from the design.
WARNING:Xst:1290 - Hierarchical block <h1> is unconnected in block <f1>.
   It will be removed from the design.
WARNING:Xst:1290 - Hierarchical block <h1> is unconnected in block <f1>.
   It will be removed from the design.
WARNING:Xst:1290 - Hierarchical block <h1> is unconnected in block <f1>.
   It will be removed from the design.
WARNING:Xst:1290 - Hierarchical block <h1> is unconnected in block <f1>.
   It will be removed from the design.
WARNING:Xst:1290 - Hierarchical block <h1> is unconnected in block <f1>.
   It will be removed from the design.
WARNING:Xst:1290 - Hierarchical block <h1> is unconnected in block <f1>.
   It will be removed from the design.
WARNING:Xst:1290 - Hierarchical block <h1> is unconnected in block <f1>.
   It will be removed from the design.
WARNING:Xst:1290 - Hierarchical block <h1> is unconnected in block <f1>.
   It will be removed from the design.
WARNING:Xst:1290 - Hierarchical block <h1> is unconnected in block <f1>.
   It will be removed from the design.
WARNING:Xst:1290 - Hierarchical block <h1> is unconnected in block <f1>.
   It will be removed from the design.
WARNING:Xst:1290 - Hierarchical block <h1> is unconnected in block <f1>.
   It will be removed from the design.
WARNING:Xst:1290 - Hierarchical block <h1> is unconnected in block <f1>.
   It will be removed from the design.
WARNING:Xst:1290 - Hierarchical block <h1> is unconnected in block <f1>.
   It will be removed from the design.

=========================================================================
Advanced HDL Synthesis Report

Found no macro
=========================================================================

=========================================================================
*                         Low Level Synthesis                           *
=========================================================================
WARNING:Xst:1989 - Unit <newalu>: instances <m6>, <m9> of unit <mux_16_21> are equivalent, second instance is removed
WARNING:Xst:2170 - Unit register_16 : the following signal(s) form a combinatorial loop: r16/w1, r16/r2/n4/y_and0000, out<15>.
WARNING:Xst:2170 - Unit register_16 : the following signal(s) form a combinatorial loop: r15/w1, r15/r2/n4/y_and0000, out<14>.
WARNING:Xst:2170 - Unit register_16 : the following signal(s) form a combinatorial loop: r14/w1, out<13>, r14/r2/n4/y_and0000.
WARNING:Xst:2170 - Unit register_16 : the following signal(s) form a combinatorial loop: out<12>, r13/w1, r13/r2/n4/y_and0000.
WARNING:Xst:2170 - Unit register_16 : the following signal(s) form a combinatorial loop: out<11>, r12/r2/n4/y_and0000, r12/w1.
WARNING:Xst:2170 - Unit register_16 : the following signal(s) form a combinatorial loop: r11/r2/n4/y_and0000, out<10>, r11/w1.
WARNING:Xst:2170 - Unit register_16 : the following signal(s) form a combinatorial loop: r10/w1, out<9>, r10/r2/n4/y_and0000.
WARNING:Xst:2170 - Unit register_16 : the following signal(s) form a combinatorial loop: r9/w1, r9/r2/n4/y_and0000, out<8>.
WARNING:Xst:2170 - Unit register_16 : the following signal(s) form a combinatorial loop: out<7>, r8/w1, r8/r2/n4/y_and0000.
WARNING:Xst:2170 - Unit register_16 : the following signal(s) form a combinatorial loop: out<6>, r7/w1, r7/r2/n4/y_and0000.
WARNING:Xst:2170 - Unit register_16 : the following signal(s) form a combinatorial loop: r6/w1, out<5>, r6/r2/n4/y_and0000.
WARNING:Xst:2170 - Unit register_16 : the following signal(s) form a combinatorial loop: r5/r2/n4/y_and0000, r5/w1, out<4>.
WARNING:Xst:2170 - Unit register_16 : the following signal(s) form a combinatorial loop: r4/w1, r4/r2/n4/y_and0000, out<3>.
WARNING:Xst:2170 - Unit register_16 : the following signal(s) form a combinatorial loop: r3/r2/n4/y_and0000, r3/w1, out<2>.
WARNING:Xst:2170 - Unit register_16 : the following signal(s) form a combinatorial loop: r2/r2/n4/y_and0000, out<1>, r2/w1.
WARNING:Xst:2170 - Unit register_16 : the following signal(s) form a combinatorial loop: r1/r2/n4/y_and0000, out<0>, r1/w1.
WARNING:Xst:2170 - Unit register_16 : the following signal(s) form a combinatorial loop: r2/r2/n4/y_and0000.
WARNING:Xst:2170 - Unit register_16 : the following signal(s) form a combinatorial loop: r1/r2/n4/y_and0000.
WARNING:Xst:2170 - Unit register_16 : the following signal(s) form a combinatorial loop: r5/r2/n4/y_and0000.
WARNING:Xst:2170 - Unit register_16 : the following signal(s) form a combinatorial loop: r8/r2/n4/y_and0000.
WARNING:Xst:2170 - Unit register_16 : the following signal(s) form a combinatorial loop: r11/r2/n4/y_and0000.
WARNING:Xst:2170 - Unit register_16 : the following signal(s) form a combinatorial loop: r16/r2/n4/y_and0000.
WARNING:Xst:2170 - Unit register_16 : the following signal(s) form a combinatorial loop: r3/r2/n4/y_and0000.
WARNING:Xst:2170 - Unit register_16 : the following signal(s) form a combinatorial loop: r14/r2/n4/y_and0000.
WARNING:Xst:2170 - Unit register_16 : the following signal(s) form a combinatorial loop: r4/r2/n4/y_and0000.
WARNING:Xst:2170 - Unit register_16 : the following signal(s) form a combinatorial loop: r7/r2/n4/y_and0000.
WARNING:Xst:2170 - Unit register_16 : the following signal(s) form a combinatorial loop: r12/r2/n4/y_and0000.
WARNING:Xst:2170 - Unit register_16 : the following signal(s) form a combinatorial loop: r15/r2/n4/y_and0000.
WARNING:Xst:2170 - Unit register_16 : the following signal(s) form a combinatorial loop: r9/r2/n4/y_and0000.
WARNING:Xst:2170 - Unit register_16 : the following signal(s) form a combinatorial loop: r13/r2/n4/y_and0000.
WARNING:Xst:2170 - Unit register_16 : the following signal(s) form a combinatorial loop: r10/r2/n4/y_and0000.
WARNING:Xst:2170 - Unit register_16 : the following signal(s) form a combinatorial loop: r6/r2/n4/y_and0000.

Optimizing unit <cpu> ...

Optimizing unit <fa_16> ...

Optimizing unit <register_16> ...

Optimizing unit <newalu> ...

Mapping all equations...
Building and optimizing final netlist ...
Found area constraint ratio of 100 (+ 5) on block cpu, actual ratio is 21.

Final Macro Processing ...

=========================================================================
Final Register Report

Found no macro
=========================================================================

=========================================================================
*                           Partition Report                            *
=========================================================================

Partition Implementation Status
-------------------------------

  No Partitions were found in this design.

-------------------------------

=========================================================================
*                            Final Report                               *
=========================================================================
Final Results
RTL Top Level Output File Name     : cpu.ngr
Top Level Output File Name         : cpu
Output Format                      : NGC
Optimization Goal                  : Speed
Keep Hierarchy                     : No

Design Statistics
# IOs                              : 83

Cell Usage :
# BELS                             : 395
#      GND                         : 1
#      LUT2                        : 20
#      LUT3                        : 227
#      LUT4                        : 81
#      MUXCY                       : 3
#      MUXF5                       : 62
#      VCC                         : 1
# IO Buffers                       : 83
#      IBUF                        : 34
#      OBUF                        : 49
=========================================================================

Device utilization summary:
---------------------------

Selected Device : 3s100evq100-5 

 Number of Slices:                      184  out of    960    19%  
 Number of 4 input LUTs:                328  out of   1920    17%  
 Number of IOs:                          83
 Number of bonded IOBs:                  83  out of     66   125% (*) 

WARNING:Xst:1336 -  (*) More than 100% of Device resources are used

---------------------------
Partition Resource Summary:
---------------------------

  No Partitions were found in this design.

---------------------------


=========================================================================
TIMING REPORT

NOTE: THESE TIMING NUMBERS ARE ONLY A SYNTHESIS ESTIMATE.
      FOR ACCURATE TIMING INFORMATION PLEASE REFER TO THE TRACE REPORT
      GENERATED AFTER PLACE-and-ROUTE.

Clock Information:
------------------
No clock signals found in this design

Asynchronous Control Signals Information:
----------------------------------------
No asynchronous control signals found in this design

Timing Summary:
---------------
Speed Grade: -5

   Minimum period: No path found
   Minimum input arrival time before clock: No path found
   Maximum output required time after clock: No path found
   Maximum combinational path delay: 219.326ns

Timing Detail:
--------------
All values displayed in nanoseconds (ns)

=========================================================================
Timing constraint: Default path analysis
  Total number of paths / destination ports: 190901133849310 / 49
-------------------------------------------------------------------------
Delay:               219.326ns (Levels of Logic = 224)
  Source:            istr<15> (PAD)
  Destination:       pc<15> (PAD)

  Data Path: istr<15> to pc<15>
                                Gate     Net
    Cell:in->out      fanout   Delay   Delay  Logical Name (Net Name)
    ----------------------------------------  ------------
     IBUF:I->O            21   1.106   1.111  istr_15_IBUF (istr_15_IBUF)
     LUT2:I0->O           17   0.612   0.893  o1/o3/y1 (w16)
     MUXF5:S->O            1   0.641   0.426  p2/r1/r2/n4/y_and0000_SW0_f5 (N117)
     LUT3:I1->O            2   0.612   0.449  p2/r1/r2/n4/y_and0000 (p2/r1/r2/n4/y_and0000)
     LUT3:I1->O            6   0.612   0.599  p2/r1/r2/n10/y1 (address_0_OBUF)
     LUT3:I2->O            2   0.612   0.380  p3/mx1/m4/y1 (w3<0>)
     MUXF5:S->O            1   0.641   0.509  p5/m5/mu1/m4/y_and00001_f5 (p5/m5/mu1/m4/y_and0000)
     LUT2:I0->O            4   0.612   0.568  p5/o1/o1/o1/y_and00001 (out_0_OBUF)
     LUT3:I1->O            1   0.612   0.000  p4/r1/r2/n4/y_and00001 (p4/r1/r2/n4/y_and00001)
     MUXF5:I1->O           3   0.278   0.520  p4/r1/r2/n4/y_and0000_f5 (p4/r1/r2/n4/y_and0000)
     LUT3:I1->O            3   0.612   0.603  p4/r1/r2/n10/y1 (w4<0>)
     LUT3:I0->O            3   0.612   0.603  p5/m2/mu1/m4/y1 (p5/m<0>)
     LUT4:I0->O            4   0.612   0.529  p5/f1/f2/f2/h4/y11 (p5/f1/N01)
     LUT4:I2->O            1   0.612   0.000  p5/m7/out<1>12 (p5/m7/out<1>11)
     MUXF5:I0->O           4   0.278   0.568  p5/m7/out<1>1_f5 (out_1_OBUF)
     LUT3:I1->O            1   0.612   0.000  p4/r2/r2/n4/y_and00001 (p4/r2/r2/n4/y_and00001)
     MUXF5:I1->O           3   0.278   0.520  p4/r2/r2/n4/y_and0000_f5 (p4/r2/r2/n4/y_and0000)
     LUT3:I1->O            3   0.612   0.603  p4/r2/r2/n10/y1 (w4<1>)
     LUT3:I0->O            4   0.612   0.568  p5/m2/mu2/m4/y1 (p5/m<1>)
     LUT3:I1->O            2   0.612   0.410  p5/m5/mu3/m4/y_and0000_SW1 (N153)
     LUT4:I2->O            1   0.612   0.000  p5/m7/out<2>12 (p5/m7/out<2>11)
     MUXF5:I0->O           4   0.278   0.568  p5/m7/out<2>1_f5 (out_2_OBUF)
     LUT3:I1->O            1   0.612   0.000  p4/r3/r2/n4/y_and00001 (p4/r3/r2/n4/y_and00001)
     MUXF5:I1->O           3   0.278   0.520  p4/r3/r2/n4/y_and0000_f5 (p4/r3/r2/n4/y_and0000)
     LUT3:I1->O            3   0.612   0.603  p4/r3/r2/n10/y1 (w4<2>)
     LUT3:I0->O            2   0.612   0.532  p5/m2/mu3/m4/y1 (p5/m<2>)
     LUT2:I0->O            3   0.612   0.603  p5/f1/f3/f2/h4/y11 (p5/f1/N11)
     LUT4:I0->O            2   0.612   0.532  p5/f1/f3/f2/h1/y_and00001 (p5/f1/f3/f2/h1/y_and0000)
     LUT4:I0->O            1   0.612   0.000  p5/m7/out<3>11 (p5/m7/out<3>1)
     MUXF5:I1->O           4   0.278   0.568  p5/m7/out<3>1_f5 (out_3_OBUF)
     LUT3:I1->O            1   0.612   0.000  p2/r4/r2/n4/y_and0000_SW01 (p2/r4/r2/n4/y_and0000_SW0)
     MUXF5:I1->O           1   0.278   0.426  p2/r4/r2/n4/y_and0000_SW0_f5 (N28)
     LUT3:I1->O            2   0.612   0.449  p2/r4/r2/n4/y_and0000 (p2/r4/r2/n4/y_and0000)
     LUT3:I1->O            6   0.612   0.599  p2/r4/r2/n10/y1 (address_3_OBUF)
     LUT3:I2->O            2   0.612   0.532  p3/mx4/m4/y1 (w3<3>)
     LUT3:I0->O            3   0.612   0.520  p5/m4/mu4/m4/y1 (p5/o<3>)
     LUT4:I1->O            2   0.612   0.532  p5/f1/f4/f2/h1/y_and00001 (p5/f1/f4/f2/h1/y_and0000)
     LUT4:I0->O            1   0.612   0.000  p5/m7/out<4>11 (p5/m7/out<4>1)
     MUXF5:I1->O           4   0.278   0.568  p5/m7/out<4>1_f5 (out_4_OBUF)
     LUT3:I1->O            1   0.612   0.000  p2/r5/r2/n4/y_and0000_SW01 (p2/r5/r2/n4/y_and0000_SW0)
     MUXF5:I1->O           1   0.278   0.426  p2/r5/r2/n4/y_and0000_SW0_f5 (N26)
     LUT3:I1->O            2   0.612   0.449  p2/r5/r2/n4/y_and0000 (p2/r5/r2/n4/y_and0000)
     LUT3:I1->O            7   0.612   0.632  p2/r5/r2/n10/y1 (address_4_OBUF)
     LUT3:I2->O            2   0.612   0.532  p3/mx5/m4/y1 (w3<4>)
     LUT3:I0->O            3   0.612   0.520  p5/m4/mu5/m4/y1 (p5/o<4>)
     LUT4:I1->O            2   0.612   0.532  p5/f1/f5/f2/h1/y_and00001 (p5/f1/f5/f2/h1/y_and0000)
     LUT4:I0->O            1   0.612   0.000  p5/m7/out<5>11 (p5/m7/out<5>1)
     MUXF5:I1->O           4   0.278   0.568  p5/m7/out<5>1_f5 (out_5_OBUF)
     LUT3:I1->O            1   0.612   0.000  p2/r6/r2/n4/y_and0000_SW01 (p2/r6/r2/n4/y_and0000_SW0)
     MUXF5:I1->O           1   0.278   0.426  p2/r6/r2/n4/y_and0000_SW0_f5 (N24)
     LUT3:I1->O            2   0.612   0.449  p2/r6/r2/n4/y_and0000 (p2/r6/r2/n4/y_and0000)
     LUT3:I1->O            6   0.612   0.599  p2/r6/r2/n10/y1 (address_5_OBUF)
     LUT3:I2->O            2   0.612   0.532  p3/mx6/m4/y1 (w3<5>)
     LUT3:I0->O            3   0.612   0.520  p5/m4/mu6/m4/y1 (p5/o<5>)
     LUT4:I1->O            2   0.612   0.532  p5/f1/f6/f2/h1/y_and00001 (p5/f1/f6/f2/h1/y_and0000)
     LUT4:I0->O            1   0.612   0.000  p5/m7/out<6>11 (p5/m7/out<6>1)
     MUXF5:I1->O           4   0.278   0.568  p5/m7/out<6>1_f5 (out_6_OBUF)
     LUT3:I1->O            1   0.612   0.000  p2/r7/r2/n4/y_and0000_SW01 (p2/r7/r2/n4/y_and0000_SW0)
     MUXF5:I1->O           1   0.278   0.426  p2/r7/r2/n4/y_and0000_SW0_f5 (N22)
     LUT3:I1->O            2   0.612   0.449  p2/r7/r2/n4/y_and0000 (p2/r7/r2/n4/y_and0000)
     LUT3:I1->O            7   0.612   0.632  p2/r7/r2/n10/y1 (address_6_OBUF)
     LUT3:I2->O            2   0.612   0.532  p3/mx7/m4/y1 (w3<6>)
     LUT3:I0->O            3   0.612   0.520  p5/m4/mu7/m4/y1 (p5/o<6>)
     LUT4:I1->O            2   0.612   0.532  p5/f1/f7/f2/h1/y_and00001 (p5/f1/f7/f2/h1/y_and0000)
     LUT4:I0->O            1   0.612   0.000  p5/m7/out<7>11 (p5/m7/out<7>1)
     MUXF5:I1->O           4   0.278   0.568  p5/m7/out<7>1_f5 (out_7_OBUF)
     LUT3:I1->O            1   0.612   0.000  p2/r8/r2/n4/y_and0000_SW01 (p2/r8/r2/n4/y_and0000_SW0)
     MUXF5:I1->O           1   0.278   0.426  p2/r8/r2/n4/y_and0000_SW0_f5 (N20)
     LUT3:I1->O            2   0.612   0.449  p2/r8/r2/n4/y_and0000 (p2/r8/r2/n4/y_and0000)
     LUT3:I1->O            6   0.612   0.599  p2/r8/r2/n10/y1 (address_7_OBUF)
     LUT3:I2->O            2   0.612   0.532  p3/mx8/m4/y1 (w3<7>)
     LUT3:I0->O            3   0.612   0.520  p5/m4/mu8/m4/y1 (p5/o<7>)
     LUT4:I1->O            2   0.612   0.532  p5/f1/f8/f2/h1/y_and00001 (p5/f1/f8/f2/h1/y_and0000)
     LUT4:I0->O            1   0.612   0.000  p5/m7/out<8>11 (p5/m7/out<8>1)
     MUXF5:I1->O           4   0.278   0.568  p5/m7/out<8>1_f5 (out_8_OBUF)
     LUT3:I1->O            1   0.612   0.000  p2/r9/r2/n4/y_and0000_SW01 (p2/r9/r2/n4/y_and0000_SW0)
     MUXF5:I1->O           1   0.278   0.426  p2/r9/r2/n4/y_and0000_SW0_f5 (N18)
     LUT3:I1->O            2   0.612   0.449  p2/r9/r2/n4/y_and0000 (p2/r9/r2/n4/y_and0000)
     LUT3:I1->O            7   0.612   0.632  p2/r9/r2/n10/y1 (address_8_OBUF)
     LUT3:I2->O            2   0.612   0.532  p3/mx9/m4/y1 (w3<8>)
     LUT3:I0->O            3   0.612   0.520  p5/m4/mu9/m4/y1 (p5/o<8>)
     LUT4:I1->O            2   0.612   0.532  p5/f1/f9/f2/h1/y_and00001 (p5/f1/f9/f2/h1/y_and0000)
     LUT4:I0->O            1   0.612   0.000  p5/m7/out<9>11 (p5/m7/out<9>1)
     MUXF5:I1->O           4   0.278   0.568  p5/m7/out<9>1_f5 (out_9_OBUF)
     LUT3:I1->O            1   0.612   0.000  p2/r10/r2/n4/y_and0000_SW01 (p2/r10/r2/n4/y_and0000_SW0)
     MUXF5:I1->O           1   0.278   0.426  p2/r10/r2/n4/y_and0000_SW0_f5 (N16)
     LUT3:I1->O            2   0.612   0.449  p2/r10/r2/n4/y_and0000 (p2/r10/r2/n4/y_and0000)
     LUT3:I1->O            6   0.612   0.599  p2/r10/r2/n10/y1 (address_9_OBUF)
     LUT3:I2->O            2   0.612   0.532  p3/mx10/m4/y1 (w3<9>)
     LUT3:I0->O            3   0.612   0.520  p5/m4/mu10/m4/y1 (p5/o<9>)
     LUT4:I1->O            2   0.612   0.532  p5/f1/f10/f2/h1/y_and00001 (p5/f1/f10/f2/h1/y_and0000)
     LUT4:I0->O            1   0.612   0.000  p5/m7/out<10>11 (p5/m7/out<10>1)
     MUXF5:I1->O           4   0.278   0.568  p5/m7/out<10>1_f5 (out_10_OBUF)
     LUT3:I1->O            1   0.612   0.000  p2/r11/r2/n4/y_and0000_SW01 (p2/r11/r2/n4/y_and0000_SW0)
     MUXF5:I1->O           1   0.278   0.426  p2/r11/r2/n4/y_and0000_SW0_f5 (N14)
     LUT3:I1->O            2   0.612   0.449  p2/r11/r2/n4/y_and0000 (p2/r11/r2/n4/y_and0000)
     LUT3:I1->O            7   0.612   0.632  p2/r11/r2/n10/y1 (address_10_OBUF)
     LUT3:I2->O            2   0.612   0.532  p3/mx11/m4/y1 (w3<10>)
     LUT3:I0->O            3   0.612   0.520  p5/m4/mu11/m4/y1 (p5/o<10>)
     LUT4:I1->O            2   0.612   0.532  p5/f1/f11/f2/h1/y_and00001 (p5/f1/f11/f2/h1/y_and0000)
     LUT4:I0->O            1   0.612   0.000  p5/m7/out<11>11 (p5/m7/out<11>1)
     MUXF5:I1->O           4   0.278   0.568  p5/m7/out<11>1_f5 (out_11_OBUF)
     LUT3:I1->O            1   0.612   0.000  p2/r12/r2/n4/y_and0000_SW01 (p2/r12/r2/n4/y_and0000_SW0)
     MUXF5:I1->O           1   0.278   0.426  p2/r12/r2/n4/y_and0000_SW0_f5 (N12)
     LUT3:I1->O            2   0.612   0.449  p2/r12/r2/n4/y_and0000 (p2/r12/r2/n4/y_and0000)
     LUT3:I1->O            6   0.612   0.599  p2/r12/r2/n10/y1 (address_11_OBUF)
     LUT3:I2->O            2   0.612   0.532  p3/mx12/m4/y1 (w3<11>)
     LUT3:I0->O            3   0.612   0.520  p5/m4/mu12/m4/y1 (p5/o<11>)
     LUT4:I1->O            2   0.612   0.532  p5/f1/f12/f2/h1/y_and00001 (p5/f1/f12/f2/h1/y_and0000)
     LUT4:I0->O            1   0.612   0.000  p5/m7/out<12>11 (p5/m7/out<12>1)
     MUXF5:I1->O           4   0.278   0.568  p5/m7/out<12>1_f5 (out_12_OBUF)
     LUT3:I1->O            1   0.612   0.000  p2/r13/r2/n4/y_and0000_SW01 (p2/r13/r2/n4/y_and0000_SW0)
     MUXF5:I1->O           1   0.278   0.426  p2/r13/r2/n4/y_and0000_SW0_f5 (N8)
     LUT3:I1->O            2   0.612   0.449  p2/r13/r2/n4/y_and0000 (p2/r13/r2/n4/y_and0000)
     LUT3:I1->O            7   0.612   0.632  p2/r13/r2/n10/y1 (address_12_OBUF)
     LUT3:I2->O            2   0.612   0.532  p3/mx13/m4/y1 (w3<12>)
     LUT3:I0->O            3   0.612   0.520  p5/m4/mu13/m4/y1 (p5/o<12>)
     LUT4:I1->O            2   0.612   0.532  p5/f1/f13/f2/h1/y_and00001 (p5/f1/f13/f2/h1/y_and0000)
     LUT4:I0->O            1   0.612   0.000  p5/m7/out<13>11 (p5/m7/out<13>1)
     MUXF5:I1->O           4   0.278   0.568  p5/m7/out<13>1_f5 (out_13_OBUF)
     LUT3:I1->O            1   0.612   0.000  p2/r14/r2/n4/y_and0000_SW01 (p2/r14/r2/n4/y_and0000_SW0)
     MUXF5:I1->O           1   0.278   0.426  p2/r14/r2/n4/y_and0000_SW0_f5 (N6)
     LUT3:I1->O            2   0.612   0.449  p2/r14/r2/n4/y_and0000 (p2/r14/r2/n4/y_and0000)
     LUT3:I1->O            6   0.612   0.599  p2/r14/r2/n10/y1 (address_13_OBUF)
     LUT3:I2->O            2   0.612   0.532  p3/mx14/m4/y1 (w3<13>)
     LUT3:I0->O            3   0.612   0.520  p5/m4/mu14/m4/y1 (p5/o<13>)
     LUT4:I1->O            2   0.612   0.532  p5/f1/f14/f2/h1/y_and00001 (p5/f1/f14/f2/h1/y_and0000)
     LUT4:I0->O            1   0.612   0.000  p5/m7/out<14>11 (p5/m7/out<14>1)
     MUXF5:I1->O           4   0.278   0.568  p5/m7/out<14>1_f5 (out_14_OBUF)
     LUT3:I1->O            1   0.612   0.000  p4/r15/r2/n4/y_and00001 (p4/r15/r2/n4/y_and00001)
     MUXF5:I1->O           3   0.278   0.520  p4/r15/r2/n4/y_and0000_f5 (p4/r15/r2/n4/y_and0000)
     LUT3:I1->O            3   0.612   0.603  p4/r15/r2/n10/y1 (w4<14>)
     LUT3:I0->O            3   0.612   0.603  p5/m2/mu15/m4/y1 (p5/m<14>)
     LUT4:I0->O            2   0.612   0.410  p5/out<15>1_SW2 (N171)
     LUT4:I2->O            1   0.612   0.000  p5/out<15>22 (p5/out<15>21)
     MUXF5:I0->O           5   0.278   0.690  p5/out<15>2_f5 (out_15_OBUF)
     LUT3:I0->O            1   0.612   0.387  p5/ng1/y41_SW0 (N173)
     LUT4:I2->O            2   0.612   0.532  p5/ng1/y41 (o2/o2/y_and0000)
     LUT4:I0->O            1   0.612   0.000  a6/n1/y_and0000_F (N175)
     MUXF5:I0->O          37   0.278   1.226  a6/n1/y_and0000 (a6/n1/y_and0000)
     LUT4:I0->O            2   0.612   0.449  p7/m3/mx1/m4/y1 (pc_0_OBUF)
     LUT3:I1->O            2   0.612   0.449  p7/r1/r1/r2/n4/y_and00001 (p7/r1/r1/r2/n4/y_and0000)
     LUT3:I1->O            2   0.612   0.410  p7/r1/r1/r2/n10/y1 (p7/w1<0>)
     LUT3:I2->O            5   0.612   0.541  p7/m1/mx1/m4/y1 (p7/w2<0>)
     LUT4:I3->O            1   0.612   0.000  p7/m3/mx2/m4/y1 (p7/m3/mx2/m4/y)
     MUXF5:I0->O           2   0.278   0.449  p7/m3/mx2/m4/y_f5 (pc_1_OBUF)
     LUT3:I1->O            2   0.612   0.449  p7/r1/r2/r2/n4/y_and00001 (p7/r1/r2/r2/n4/y_and0000)
     LUT3:I1->O            2   0.612   0.410  p7/r1/r2/r2/n10/y1 (p7/w1<1>)
     LUT3:I2->O            4   0.612   0.502  p7/m1/mx2/m4/y1 (p7/w2<1>)
     LUT4:I3->O            1   0.612   0.000  p7/m3/mx3/m4/y2 (p7/m3/mx3/m4/y1)
     MUXF5:I0->O           2   0.278   0.449  p7/m3/mx3/m4/y_f5 (pc_2_OBUF)
     LUT3:I1->O            2   0.612   0.449  p7/r1/r3/r2/n4/y_and00001 (p7/r1/r3/r2/n4/y_and0000)
     LUT3:I1->O            2   0.612   0.410  p7/r1/r3/r2/n10/y1 (p7/w1<2>)
     LUT3:I2->O            3   0.612   0.481  p7/m1/mx3/m4/y1 (p7/w2<2>)
     LUT3:I2->O            3   0.612   0.454  p7/f1/f3/f2/h1/y_and00001 (p7/f1/f3/f2/h1/y_and0000)
     LUT4:I3->O            1   0.612   0.000  p7/m3/mx4/m4/y1 (p7/m3/mx4/m4/y)
     MUXF5:I0->O           2   0.278   0.449  p7/m3/mx4/m4/y_f5 (pc_3_OBUF)
     LUT3:I1->O            2   0.612   0.449  p7/r1/r4/r2/n4/y_and00001 (p7/r1/r4/r2/n4/y_and0000)
     LUT3:I1->O            2   0.612   0.410  p7/r1/r4/r2/n10/y1 (p7/w1<3>)
     LUT3:I2->O            4   0.612   0.502  p7/m1/mx4/m4/y1 (p7/w2<3>)
     LUT4:I3->O            1   0.612   0.509  p7/f1/f4/f2/h1/y_and00001 (p7/f1/f4/f2/h1/y_and0000)
     LUT4:I0->O            2   0.612   0.449  p7/m3/mx5/m4/y (pc_4_OBUF)
     LUT3:I1->O            2   0.612   0.449  p7/r1/r5/r2/n4/y_and00001 (p7/r1/r5/r2/n4/y_and0000)
     LUT3:I1->O            2   0.612   0.410  p7/r1/r5/r2/n10/y1 (p7/w1<4>)
     LUT3:I2->O            4   0.612   0.529  p7/m1/mx5/m4/y1 (p7/w2<4>)
     LUT3:I2->O            3   0.612   0.454  p7/f1/f5/f2/h1/y_and00001 (p7/f1/f5/f2/h1/y_and0000)
     LUT4:I3->O            1   0.612   0.000  p7/m3/mx6/m4/y1 (p7/m3/mx6/m4/y)
     MUXF5:I0->O           2   0.278   0.449  p7/m3/mx6/m4/y_f5 (pc_5_OBUF)
     LUT3:I1->O            2   0.612   0.449  p7/r1/r6/r2/n4/y_and00001 (p7/r1/r6/r2/n4/y_and0000)
     LUT3:I1->O            2   0.612   0.410  p7/r1/r6/r2/n10/y1 (p7/w1<5>)
     LUT3:I2->O            4   0.612   0.502  p7/m1/mx6/m4/y1 (p7/w2<5>)
     LUT4:I3->O            1   0.612   0.509  p7/f1/f6/f2/h1/y_and00001 (p7/f1/f6/f2/h1/y_and0000)
     LUT4:I0->O            2   0.612   0.449  p7/m3/mx7/m4/y (pc_6_OBUF)
     LUT3:I1->O            2   0.612   0.449  p7/r1/r7/r2/n4/y_and00001 (p7/r1/r7/r2/n4/y_and0000)
     LUT3:I1->O            2   0.612   0.410  p7/r1/r7/r2/n10/y1 (p7/w1<6>)
     LUT3:I2->O            4   0.612   0.529  p7/m1/mx7/m4/y1 (p7/w2<6>)
     LUT3:I2->O            3   0.612   0.454  p7/f1/f7/f2/h1/y_and00001 (p7/f1/f7/f2/h1/y_and0000)
     LUT4:I3->O            1   0.612   0.000  p7/m3/mx8/m4/y1 (p7/m3/mx8/m4/y)
     MUXF5:I0->O           2   0.278   0.449  p7/m3/mx8/m4/y_f5 (pc_7_OBUF)
     LUT3:I1->O            2   0.612   0.449  p7/r1/r8/r2/n4/y_and00001 (p7/r1/r8/r2/n4/y_and0000)
     LUT3:I1->O            2   0.612   0.410  p7/r1/r8/r2/n10/y1 (p7/w1<7>)
     LUT3:I2->O            4   0.612   0.502  p7/m1/mx8/m4/y1 (p7/w2<7>)
     LUT4:I3->O            1   0.612   0.509  p7/f1/f8/f2/h1/y_and00001 (p7/f1/f8/f2/h1/y_and0000)
     LUT4:I0->O            2   0.612   0.449  p7/m3/mx9/m4/y (pc_8_OBUF)
     LUT3:I1->O            2   0.612   0.449  p7/r1/r9/r2/n4/y_and00001 (p7/r1/r9/r2/n4/y_and0000)
     LUT3:I1->O            2   0.612   0.410  p7/r1/r9/r2/n10/y1 (p7/w1<8>)
     LUT3:I2->O            4   0.612   0.529  p7/m1/mx9/m4/y1 (p7/w2<8>)
     LUT3:I2->O            3   0.612   0.454  p7/f1/f9/f2/h1/y_and00001 (p7/f1/f9/f2/h1/y_and0000)
     LUT4:I3->O            1   0.612   0.000  p7/m3/mx10/m4/y1 (p7/m3/mx10/m4/y)
     MUXF5:I0->O           2   0.278   0.449  p7/m3/mx10/m4/y_f5 (pc_9_OBUF)
     LUT3:I1->O            2   0.612   0.449  p7/r1/r10/r2/n4/y_and00001 (p7/r1/r10/r2/n4/y_and0000)
     LUT3:I1->O            2   0.612   0.410  p7/r1/r10/r2/n10/y1 (p7/w1<9>)
     LUT3:I2->O            4   0.612   0.502  p7/m1/mx10/m4/y1 (p7/w2<9>)
     LUT4:I3->O            1   0.612   0.509  p7/f1/f10/f2/h1/y_and00001 (p7/f1/f10/f2/h1/y_and0000)
     LUT4:I0->O            2   0.612   0.449  p7/m3/mx11/m4/y (pc_10_OBUF)
     LUT3:I1->O            2   0.612   0.449  p7/r1/r11/r2/n4/y_and00001 (p7/r1/r11/r2/n4/y_and0000)
     LUT3:I1->O            2   0.612   0.410  p7/r1/r11/r2/n10/y1 (p7/w1<10>)
     LUT3:I2->O            4   0.612   0.529  p7/m1/mx11/m4/y1 (p7/w2<10>)
     LUT3:I2->O            3   0.612   0.454  p7/f1/f11/f2/h1/y_and00001 (p7/f1/f11/f2/h1/y_and0000)
     LUT4:I3->O            1   0.612   0.000  p7/m3/mx12/m4/y1 (p7/m3/mx12/m4/y)
     MUXF5:I0->O           2   0.278   0.449  p7/m3/mx12/m4/y_f5 (pc_11_OBUF)
     LUT3:I1->O            2   0.612   0.449  p7/r1/r12/r2/n4/y_and00001 (p7/r1/r12/r2/n4/y_and0000)
     LUT3:I1->O            2   0.612   0.410  p7/r1/r12/r2/n10/y1 (p7/w1<11>)
     LUT3:I2->O            4   0.612   0.502  p7/m1/mx12/m4/y1 (p7/w2<11>)
     LUT4:I3->O            1   0.612   0.509  p7/f1/f12/f2/h1/y_and00001 (p7/f1/f12/f2/h1/y_and0000)
     LUT4:I0->O            2   0.612   0.449  p7/m3/mx13/m4/y (pc_12_OBUF)
     LUT3:I1->O            2   0.612   0.449  p7/r1/r13/r2/n4/y_and00001 (p7/r1/r13/r2/n4/y_and0000)
     LUT3:I1->O            2   0.612   0.410  p7/r1/r13/r2/n10/y1 (p7/w1<12>)
     LUT3:I2->O            4   0.612   0.529  p7/m1/mx13/m4/y1 (p7/w2<12>)
     LUT3:I2->O            2   0.612   0.383  p7/f1/f13/f2/h1/y_and00001 (p7/f1/f13/f2/h1/y_and0000)
     LUT4:I3->O            1   0.612   0.000  p7/m3/mx14/m4/y1 (p7/m3/mx14/m4/y)
     MUXF5:I0->O           2   0.278   0.449  p7/m3/mx14/m4/y_f5 (pc_13_OBUF)
     LUT3:I1->O            2   0.612   0.449  p7/r1/r14/r2/n4/y_and00001 (p7/r1/r14/r2/n4/y_and0000)
     LUT3:I1->O            2   0.612   0.410  p7/r1/r14/r2/n10/y1 (p7/w1<13>)
     LUT3:I2->O            3   0.612   0.454  p7/m1/mx14/m4/y1 (p7/w2<13>)
     LUT4:I3->O            1   0.612   0.509  p7/f1/f14/f2/h1/y_and00001 (p7/f1/f14/f2/h1/y_and0000)
     LUT4:I0->O            2   0.612   0.449  p7/m3/mx15/m4/y (pc_14_OBUF)
     LUT3:I1->O            2   0.612   0.449  p7/r1/r15/r2/n4/y_and00001 (p7/r1/r15/r2/n4/y_and0000)
     LUT3:I1->O            2   0.612   0.410  p7/r1/r15/r2/n10/y1 (p7/w1<14>)
     LUT3:I2->O            3   0.612   0.481  p7/m1/mx15/m4/y1 (p7/w2<14>)
     LUT3:I2->O            1   0.612   0.360  p7/f1/f15/f2/h1/y_and00001 (p7/f1/f15/f2/h1/y_and0000)
     LUT4:I3->O            1   0.612   0.000  p7/m3/mx16/m4/y1 (p7/m3/mx16/m4/y)
     MUXF5:I0->O           2   0.278   0.380  p7/m3/mx16/m4/y_f5 (pc_15_OBUF)
     OBUF:I->O                 3.169          pc_15_OBUF (pc<15>)
    ----------------------------------------
    Total                    219.326ns (126.837ns logic, 92.490ns route)
                                       (57.8% logic, 42.2% route)

=========================================================================


Total REAL time to Xst completion: 15.00 secs
Total CPU time to Xst completion: 14.71 secs
 
--> 

Total memory usage is 288768 kilobytes

Number of errors   :    0 (   0 filtered)
Number of warnings :  208 (   0 filtered)
Number of infos    :    0 (   0 filtered)

