--------------------------------------------------------------------------------
Release 14.2 Trace  (nt64)
Copyright (c) 1995-2012 Xilinx, Inc.  All rights reserved.

C:\Xilinx\14.2\ISE_DS\ISE\bin\nt64\unwrapped\trce.exe -intstyle ise -v 3 -s 5
-n 3 -fastpaths -xml demux_16_21.twx demux_16_21.ncd -o demux_16_21.twr
demux_16_21.pcf -ucf demux_16_21.ucf

Design file:              demux_16_21.ncd
Physical constraint file: demux_16_21.pcf
Device,package,speed:     xc3s100e,vq100,-5 (PRODUCTION 1.27 2012-07-09)
Report level:             verbose report

Environment Variable      Effect 
--------------------      ------ 
NONE                      No environment variables were set
--------------------------------------------------------------------------------

INFO:Timing:2698 - No timing constraints found, doing default enumeration.
INFO:Timing:3412 - To improve timing, see the Timing Closure User Guide (UG612).
INFO:Timing:2752 - To get complete path coverage, use the unconstrained paths 
   option. All paths that are not constrained will be reported in the 
   unconstrained paths section(s) of the report.
INFO:Timing:3339 - The clock-to-out numbers in this timing report are based on 
   a 50 Ohm transmission line loading model.  For the details of this model, 
   and for more information on accounting for different loading conditions, 
   please see the device datasheet.
INFO:Timing:3390 - This architecture does not support a default System Jitter 
   value, please add SYSTEM_JITTER constraint to the UCF to modify the Clock 
   Uncertainty calculation.
INFO:Timing:3389 - This architecture does not support 'Discrete Jitter' and 
   'Phase Error' calculations, these terms will be zero in the Clock 
   Uncertainty calculation.  Please make appropriate modification to 
   SYSTEM_JITTER to account for the unsupported Discrete Jitter and Phase 
   Error.



Data Sheet report:
-----------------
All values displayed in nanoseconds (ns)

Pad to Pad
---------------+---------------+---------+
Source Pad     |Destination Pad|  Delay  |
---------------+---------------+---------+
in<0>          |a<0>           |    7.049|
in<0>          |b<0>           |    7.612|
in<1>          |a<1>           |    7.091|
in<1>          |b<1>           |    7.185|
in<2>          |a<2>           |    7.209|
in<2>          |b<2>           |    6.874|
in<3>          |a<3>           |    6.768|
in<3>          |b<3>           |    7.443|
in<4>          |a<4>           |    6.607|
in<4>          |b<4>           |    7.098|
in<5>          |a<5>           |    7.021|
in<5>          |b<5>           |    6.550|
in<6>          |a<6>           |    6.962|
in<6>          |b<6>           |    6.946|
in<7>          |a<7>           |    7.417|
in<7>          |b<7>           |    7.517|
in<8>          |a<8>           |    7.268|
in<8>          |b<8>           |    6.842|
in<9>          |a<9>           |    6.624|
in<9>          |b<9>           |    6.596|
in<10>         |a<10>          |    7.105|
in<10>         |b<10>          |    6.727|
in<11>         |a<11>          |    7.268|
in<11>         |b<11>          |    6.950|
in<12>         |a<12>          |    7.523|
in<12>         |b<12>          |    7.441|
in<13>         |a<13>          |    7.144|
in<13>         |b<13>          |    6.509|
in<14>         |a<14>          |    7.366|
in<14>         |b<14>          |    6.777|
in<15>         |a<15>          |    7.000|
in<15>         |b<15>          |    6.716|
sel            |a<0>           |    8.194|
sel            |a<1>           |    8.438|
sel            |a<2>           |    8.420|
sel            |a<3>           |    8.724|
sel            |a<4>           |    7.468|
sel            |a<5>           |    8.814|
sel            |a<6>           |    8.005|
sel            |a<7>           |    7.824|
sel            |a<8>           |    7.769|
sel            |a<9>           |    7.568|
sel            |a<10>          |    7.835|
sel            |a<11>          |    8.159|
sel            |a<12>          |    8.170|
sel            |a<13>          |    7.537|
sel            |a<14>          |    7.553|
sel            |a<15>          |    7.906|
sel            |b<0>           |    8.723|
sel            |b<1>           |    8.482|
sel            |b<2>           |    8.141|
sel            |b<3>           |    9.474|
sel            |b<4>           |    7.986|
sel            |b<5>           |    8.310|
sel            |b<6>           |    7.995|
sel            |b<7>           |    7.897|
sel            |b<8>           |    7.365|
sel            |b<9>           |    7.596|
sel            |b<10>          |    7.451|
sel            |b<11>          |    7.874|
sel            |b<12>          |    8.144|
sel            |b<13>          |    6.896|
sel            |b<14>          |    6.958|
sel            |b<15>          |    7.599|
---------------+---------------+---------+


Analysis completed Sun Nov 08 10:01:16 2015 
--------------------------------------------------------------------------------

Trace Settings:
-------------------------
Trace Settings 

Peak Memory Usage: 151 MB



