ISim log file
Running: E:\Project\computer_isim_beh.exe -intstyle ise -gui -tclbatch isim.cmd -wdb E:/Project/computer_isim_beh.wdb 
ISim P.28xd (signature 0xa0883be4)
This is a Full version of ISim.
Time resolution is 1 ps
# onerror resume
# wave add /
# run 1000 ns
Simulator is doing circuit initialization process.
Finished circuit initialization process.
# isim force add /computer/reset 1 -radix bin
# isim force add /computer/reset 1 -radix bin
# isim force add /computer/clk 0 -radix bin -value 1 -radix bin -time 500 ns -repeat 1 us
# isim force add /computer/clk 0 -radix bin -value 1 -radix bin -time 500 ns -repeat 1 us
# run 1.00us
# isim force add /computer/reset 0 -radix bin
# isim force add /computer/reset 0 -radix bin
# run 1.00us
# run 1.00us
# run 1.00us
# run 1.00us
