Release 14.2 - ngc2edif P.28xd (nt64)
Copyright (c) 1995-2012 Xilinx, Inc.  All rights reserved.
Reading design demux_16_21.ngc ...
WARNING:NetListWriters:298 - No output is written to demux_16_21.xncf, ignored.
Processing design ...
   Preping design's networks ...
   Preping design's macros ...
  finished :Prep
Writing EDIF netlist file demux_16_21.edif ...
ngc2edif: Total memory usage is 80412 kilobytes

Release 14.2 - ngc2edif P.28xd (nt64)
Copyright (c) 1995-2012 Xilinx, Inc.  All rights reserved.
Reading design demux_16_21.ngc ...
WARNING:NetListWriters:298 - No output is written to demux_16_21.xncf, ignored.
Processing design ...
   Preping design's networks ...
   Preping design's macros ...
  finished :Prep
Writing EDIF netlist file demux_16_21.edif ...
ngc2edif: Total memory usage is 80412 kilobytes

