--------------------------------------------------------------------------------
Release 14.2 Trace  (nt64)
Copyright (c) 1995-2012 Xilinx, Inc.  All rights reserved.

C:\Xilinx\14.2\ISE_DS\ISE\bin\nt64\unwrapped\trce.exe -intstyle ise -v 3 -s 5
-n 3 -fastpaths -xml ram64_preroute.twx ram64_map.ncd -o ram64_preroute.twr
ram64.pcf -ucf demux_16_21.ucf

Design file:              ram64_map.ncd
Physical constraint file: ram64.pcf
Device,package,speed:     xc3s100e,vq100,-5 (PRODUCTION 1.27 2012-07-09)
Report level:             verbose report

Environment Variable      Effect 
--------------------      ------ 
NONE                      No environment variables were set
--------------------------------------------------------------------------------

INFO:Timing:2698 - No timing constraints found, doing default enumeration.
INFO:Timing:3412 - To improve timing, see the Timing Closure User Guide (UG612).
INFO:Timing:2752 - To get complete path coverage, use the unconstrained paths 
   option. All paths that are not constrained will be reported in the 
   unconstrained paths section(s) of the report.
INFO:Timing:3284 - This timing report was generated using estimated delay 
   information.  For accurate numbers, please refer to the post Place and Route 
   timing report.
INFO:Timing:3339 - The clock-to-out numbers in this timing report are based on 
   a 50 Ohm transmission line loading model.  For the details of this model, 
   and for more information on accounting for different loading conditions, 
   please see the device datasheet.
INFO:Timing:3390 - This architecture does not support a default System Jitter 
   value, please add SYSTEM_JITTER constraint to the UCF to modify the Clock 
   Uncertainty calculation.
INFO:Timing:3389 - This architecture does not support 'Discrete Jitter' and 
   'Phase Error' calculations, these terms will be zero in the Clock 
   Uncertainty calculation.  Please make appropriate modification to 
   SYSTEM_JITTER to account for the unsupported Discrete Jitter and Phase 
   Error.



Data Sheet report:
-----------------
All values displayed in nanoseconds (ns)

Pad to Pad
---------------+---------------+---------+
Source Pad     |Destination Pad|  Delay  |
---------------+---------------+---------+
address<0>     |out<0>         |   10.907|
address<0>     |out<1>         |   10.907|
address<0>     |out<2>         |   10.907|
address<0>     |out<3>         |   10.907|
address<0>     |out<4>         |   10.907|
address<0>     |out<5>         |   10.907|
address<0>     |out<6>         |   10.907|
address<0>     |out<7>         |   10.907|
address<0>     |out<8>         |   10.907|
address<0>     |out<9>         |   10.907|
address<0>     |out<10>        |   10.907|
address<0>     |out<11>        |   10.907|
address<0>     |out<12>        |   10.907|
address<0>     |out<13>        |   10.907|
address<0>     |out<14>        |   10.907|
address<0>     |out<15>        |   10.907|
address<1>     |out<0>         |   10.907|
address<1>     |out<1>         |   10.907|
address<1>     |out<2>         |   10.907|
address<1>     |out<3>         |   10.907|
address<1>     |out<4>         |   10.907|
address<1>     |out<5>         |   10.907|
address<1>     |out<6>         |   10.907|
address<1>     |out<7>         |   10.907|
address<1>     |out<8>         |   10.907|
address<1>     |out<9>         |   10.907|
address<1>     |out<10>        |   10.907|
address<1>     |out<11>        |   10.907|
address<1>     |out<12>        |   10.907|
address<1>     |out<13>        |   10.907|
address<1>     |out<14>        |   10.907|
address<1>     |out<15>        |   10.907|
address<2>     |out<0>         |   10.907|
address<2>     |out<1>         |   10.907|
address<2>     |out<2>         |   10.907|
address<2>     |out<3>         |   10.907|
address<2>     |out<4>         |   10.907|
address<2>     |out<5>         |   10.907|
address<2>     |out<6>         |   10.907|
address<2>     |out<7>         |   10.907|
address<2>     |out<8>         |   10.907|
address<2>     |out<9>         |   10.907|
address<2>     |out<10>        |   10.907|
address<2>     |out<11>        |   10.907|
address<2>     |out<12>        |   10.907|
address<2>     |out<13>        |   10.907|
address<2>     |out<14>        |   10.907|
address<2>     |out<15>        |   10.907|
address<3>     |out<0>         |   10.195|
address<3>     |out<1>         |   10.195|
address<3>     |out<2>         |   10.195|
address<3>     |out<3>         |   10.195|
address<3>     |out<4>         |   10.195|
address<3>     |out<5>         |   10.195|
address<3>     |out<6>         |   10.195|
address<3>     |out<7>         |   10.195|
address<3>     |out<8>         |   10.195|
address<3>     |out<9>         |   10.195|
address<3>     |out<10>        |   10.195|
address<3>     |out<11>        |   10.195|
address<3>     |out<12>        |   10.195|
address<3>     |out<13>        |   10.195|
address<3>     |out<14>        |   10.195|
address<3>     |out<15>        |   10.195|
address<4>     |out<0>         |   10.195|
address<4>     |out<1>         |   10.195|
address<4>     |out<2>         |   10.195|
address<4>     |out<3>         |   10.195|
address<4>     |out<4>         |   10.195|
address<4>     |out<5>         |   10.195|
address<4>     |out<6>         |   10.195|
address<4>     |out<7>         |   10.195|
address<4>     |out<8>         |   10.195|
address<4>     |out<9>         |   10.195|
address<4>     |out<10>        |   10.195|
address<4>     |out<11>        |   10.195|
address<4>     |out<12>        |   10.195|
address<4>     |out<13>        |   10.195|
address<4>     |out<14>        |   10.195|
address<4>     |out<15>        |   10.195|
address<5>     |out<0>         |   10.195|
address<5>     |out<1>         |   10.195|
address<5>     |out<2>         |   10.195|
address<5>     |out<3>         |   10.195|
address<5>     |out<4>         |   10.195|
address<5>     |out<5>         |   10.195|
address<5>     |out<6>         |   10.195|
address<5>     |out<7>         |   10.195|
address<5>     |out<8>         |   10.195|
address<5>     |out<9>         |   10.195|
address<5>     |out<10>        |   10.195|
address<5>     |out<11>        |   10.195|
address<5>     |out<12>        |   10.195|
address<5>     |out<13>        |   10.195|
address<5>     |out<14>        |   10.195|
address<5>     |out<15>        |   10.195|
clk            |out<0>         |    9.483|
clk            |out<1>         |    9.483|
clk            |out<2>         |    9.483|
clk            |out<3>         |    9.483|
clk            |out<4>         |    9.483|
clk            |out<5>         |    9.483|
clk            |out<6>         |    9.483|
clk            |out<7>         |    9.483|
clk            |out<8>         |    9.483|
clk            |out<9>         |    9.483|
clk            |out<10>        |    9.483|
clk            |out<11>        |    9.483|
clk            |out<12>        |    9.483|
clk            |out<13>        |    9.483|
clk            |out<14>        |    9.483|
clk            |out<15>        |    9.483|
in<0>          |out<0>         |    9.483|
in<1>          |out<1>         |    9.483|
in<2>          |out<2>         |    9.483|
in<3>          |out<3>         |    9.483|
in<4>          |out<4>         |    9.483|
in<5>          |out<5>         |    9.483|
in<6>          |out<6>         |    9.483|
in<7>          |out<7>         |    9.483|
in<8>          |out<8>         |    9.483|
in<9>          |out<9>         |    9.483|
in<10>         |out<10>        |    9.483|
in<11>         |out<11>        |    9.483|
in<12>         |out<12>        |    9.483|
in<13>         |out<13>        |    9.483|
in<14>         |out<14>        |    9.483|
in<15>         |out<15>        |    9.483|
load           |out<0>         |   10.907|
load           |out<1>         |   10.907|
load           |out<2>         |   10.907|
load           |out<3>         |   10.907|
load           |out<4>         |   10.907|
load           |out<5>         |   10.907|
load           |out<6>         |   10.907|
load           |out<7>         |   10.907|
load           |out<8>         |   10.907|
load           |out<9>         |   10.907|
load           |out<10>        |   10.907|
load           |out<11>        |   10.907|
load           |out<12>        |   10.907|
load           |out<13>        |   10.907|
load           |out<14>        |   10.907|
load           |out<15>        |   10.907|
---------------+---------------+---------+


Analysis completed Wed Mar 23 23:05:07 2016 
--------------------------------------------------------------------------------

Trace Settings:
-------------------------
Trace Settings 

Peak Memory Usage: 180 MB



