Release 14.2 - xst P.28xd (nt64)
Copyright (c) 1995-2012 Xilinx, Inc.  All rights reserved.
--> Parameter TMPDIR set to xst/projnav.tmp


Total REAL time to Xst completion: 0.00 secs
Total CPU time to Xst completion: 0.09 secs
 
--> Parameter xsthdpdir set to xst


Total REAL time to Xst completion: 0.00 secs
Total CPU time to Xst completion: 0.10 secs
 
--> Reading design: ram64.prj

TABLE OF CONTENTS
  1) Synthesis Options Summary
  2) HDL Compilation
  3) Design Hierarchy Analysis
  4) HDL Analysis
  5) HDL Synthesis
     5.1) HDL Synthesis Report
  6) Advanced HDL Synthesis
     6.1) Advanced HDL Synthesis Report
  7) Low Level Synthesis
  8) Partition Report
  9) Final Report
	9.1) Device utilization summary
	9.2) Partition Resource Summary
	9.3) TIMING REPORT


=========================================================================
*                      Synthesis Options Summary                        *
=========================================================================
---- Source Parameters
Input File Name                    : "ram64.prj"
Input Format                       : mixed
Ignore Synthesis Constraint File   : NO

---- Target Parameters
Output File Name                   : "ram64"
Output Format                      : NGC
Target Device                      : xc3s100e-5-vq100

---- Source Options
Top Module Name                    : ram64
Automatic FSM Extraction           : YES
FSM Encoding Algorithm             : Auto
Safe Implementation                : No
FSM Style                          : LUT
RAM Extraction                     : Yes
RAM Style                          : Auto
ROM Extraction                     : Yes
Mux Style                          : Auto
Decoder Extraction                 : YES
Priority Encoder Extraction        : Yes
Shift Register Extraction          : YES
Logical Shifter Extraction         : YES
XOR Collapsing                     : YES
ROM Style                          : Auto
Mux Extraction                     : Yes
Resource Sharing                   : YES
Asynchronous To Synchronous        : NO
Multiplier Style                   : Auto
Automatic Register Balancing       : No

---- Target Options
Add IO Buffers                     : YES
Global Maximum Fanout              : 100000
Add Generic Clock Buffer(BUFG)     : 24
Register Duplication               : YES
Slice Packing                      : YES
Optimize Instantiated Primitives   : NO
Use Clock Enable                   : Yes
Use Synchronous Set                : Yes
Use Synchronous Reset              : Yes
Pack IO Registers into IOBs        : Auto
Equivalent register Removal        : YES

---- General Options
Optimization Goal                  : Speed
Optimization Effort                : 1
Keep Hierarchy                     : No
Netlist Hierarchy                  : As_Optimized
RTL Output                         : Yes
Global Optimization                : AllClockNets
Read Cores                         : YES
Write Timing Constraints           : NO
Cross Clock Analysis               : NO
Hierarchy Separator                : /
Bus Delimiter                      : <>
Case Specifier                     : Maintain
Slice Utilization Ratio            : 100
BRAM Utilization Ratio             : 100
Verilog 2001                       : YES
Auto BRAM Packing                  : NO
Slice Utilization Ratio Delta      : 5

=========================================================================


=========================================================================
*                          HDL Compilation                              *
=========================================================================
Compiling verilog file "NAND_gate.v" in library work
Compiling verilog file "NOT_gate.v" in library work
Module <NAND_gate> compiled
Compiling verilog file "mux2x1.v" in library work
Module <NOT_gate> compiled
Compiling verilog file "mux4x1.v" in library work
Module <mux21> compiled
Compiling verilog file "dflipflop.v" in library work
Module <mux41> compiled
Compiling verilog file "demux1x2.v" in library work
Module <dff> compiled
Compiling verilog file "register_1bit.v" in library work
Module <demux_12> compiled
Compiling verilog file "mux4x1_16bit.v" in library work
Module <reg_1bit> compiled
Compiling verilog file "mux16_21.v" in library work
Module <mux_16_41> compiled
Compiling verilog file "demux.v" in library work
Module <mux16_21> compiled
Compiling verilog file "register_16bit.v" in library work
Module <demux_14> compiled
Compiling verilog file "mux16_81.v" in library work
Module <register_16> compiled
Compiling verilog file "demux18.v" in library work
Module <mux16_81> compiled
Compiling verilog file "ram8.v" in library work
Module <demux_18> compiled
Compiling verilog file "ram64.v" in library work
Module <ram8> compiled
Module <ram64> compiled
No errors in compilation
Analysis of file <"ram64.prj"> succeeded.
 

=========================================================================
*                     Design Hierarchy Analysis                         *
=========================================================================
Analyzing hierarchy for module <ram64> in library <work>.

Analyzing hierarchy for module <demux_18> in library <work>.

Analyzing hierarchy for module <ram8> in library <work>.

Analyzing hierarchy for module <mux16_81> in library <work>.

Analyzing hierarchy for module <demux_12> in library <work>.

Analyzing hierarchy for module <demux_14> in library <work>.

Analyzing hierarchy for module <demux_18> in library <work>.

Analyzing hierarchy for module <register_16> in library <work>.

Analyzing hierarchy for module <mux_16_41> in library <work>.

Analyzing hierarchy for module <mux16_21> in library <work>.

Analyzing hierarchy for module <NAND_gate> in library <work>.

Analyzing hierarchy for module <demux_12> in library <work>.

Analyzing hierarchy for module <demux_14> in library <work>.

Analyzing hierarchy for module <reg_1bit> in library <work>.

Analyzing hierarchy for module <mux41> in library <work>.

Analyzing hierarchy for module <mux21> in library <work>.

Analyzing hierarchy for module <NAND_gate> in library <work>.

Analyzing hierarchy for module <demux_12> in library <work>.

Analyzing hierarchy for module <dff> in library <work>.

Analyzing hierarchy for module <NAND_gate> in library <work>.

Analyzing hierarchy for module <NOT_gate> in library <work>.

Analyzing hierarchy for module <NAND_gate> in library <work>.


=========================================================================
*                            HDL Analysis                               *
=========================================================================
Analyzing top module <ram64>.
Module <ram64> is correct for synthesis.
 
Analyzing module <demux_18> in library <work>.
Module <demux_18> is correct for synthesis.
 
Analyzing module <demux_12> in library <work>.
Module <demux_12> is correct for synthesis.
 
Analyzing module <NAND_gate> in library <work>.
Module <NAND_gate> is correct for synthesis.
 
Analyzing module <demux_14> in library <work>.
Module <demux_14> is correct for synthesis.
 
Analyzing module <ram8> in library <work>.
Module <ram8> is correct for synthesis.
 
Analyzing module <register_16> in library <work>.
Module <register_16> is correct for synthesis.
 
Analyzing module <reg_1bit> in library <work>.
Module <reg_1bit> is correct for synthesis.
 
Analyzing module <mux21> in library <work>.
Module <mux21> is correct for synthesis.
 
Analyzing module <dff> in library <work>.
Module <dff> is correct for synthesis.
 
Analyzing module <NOT_gate> in library <work>.
Module <NOT_gate> is correct for synthesis.
 
Analyzing module <mux16_81> in library <work>.
Module <mux16_81> is correct for synthesis.
 
Analyzing module <mux_16_41> in library <work>.
Module <mux_16_41> is correct for synthesis.
 
Analyzing module <mux41> in library <work>.
Module <mux41> is correct for synthesis.
 
Analyzing module <mux16_21> in library <work>.
Module <mux16_21> is correct for synthesis.
 

=========================================================================
*                           HDL Synthesis                               *
=========================================================================

Performing bidirectional port resolution...

Synthesizing Unit <NAND_gate>.
    Related source file is "NAND_gate.v".
Unit <NAND_gate> synthesized.


Synthesizing Unit <demux_12>.
    Related source file is "demux1x2.v".
Unit <demux_12> synthesized.


Synthesizing Unit <mux21>.
    Related source file is "mux2x1.v".
Unit <mux21> synthesized.


Synthesizing Unit <NOT_gate>.
    Related source file is "NOT_gate.v".
Unit <NOT_gate> synthesized.


Synthesizing Unit <demux_14>.
    Related source file is "demux.v".
Unit <demux_14> synthesized.


Synthesizing Unit <dff>.
    Related source file is "dflipflop.v".
Unit <dff> synthesized.


Synthesizing Unit <mux16_21>.
    Related source file is "mux16_21.v".
Unit <mux16_21> synthesized.


Synthesizing Unit <mux41>.
    Related source file is "mux4x1.v".
Unit <mux41> synthesized.


Synthesizing Unit <demux_18>.
    Related source file is "demux18.v".
Unit <demux_18> synthesized.


Synthesizing Unit <reg_1bit>.
    Related source file is "register_1bit.v".
Unit <reg_1bit> synthesized.


Synthesizing Unit <mux_16_41>.
    Related source file is "mux4x1_16bit.v".
Unit <mux_16_41> synthesized.


Synthesizing Unit <mux16_81>.
    Related source file is "mux16_81.v".
Unit <mux16_81> synthesized.


Synthesizing Unit <register_16>.
    Related source file is "register_16bit.v".
Unit <register_16> synthesized.


Synthesizing Unit <ram8>.
    Related source file is "ram8.v".
Unit <ram8> synthesized.


Synthesizing Unit <ram64>.
    Related source file is "ram64.v".
Unit <ram64> synthesized.


=========================================================================
HDL Synthesis Report

Found no macro
=========================================================================

=========================================================================
*                       Advanced HDL Synthesis                          *
=========================================================================


=========================================================================
Advanced HDL Synthesis Report

Found no macro
=========================================================================

=========================================================================
*                         Low Level Synthesis                           *
=========================================================================
WARNING:Xst:2170 - Unit ram8 : the following signal(s) form a combinatorial loop: r1/r16/w1, m1/w1<15>, r1/r16/r2/n4/y_and0000, out<15>, outa<15>.
WARNING:Xst:2170 - Unit ram8 : the following signal(s) form a combinatorial loop: r1/r15/w1, r1/r15/r2/n4/y_and0000, outa<14>, m1/w1<14>, out<14>.
WARNING:Xst:2170 - Unit ram8 : the following signal(s) form a combinatorial loop: m1/w1<13>, r1/r14/w1, outa<13>, r1/r14/r2/n4/y_and0000, out<13>.
WARNING:Xst:2170 - Unit ram8 : the following signal(s) form a combinatorial loop: m1/w1<12>, r1/r13/w1, r1/r13/r2/n4/y_and0000, out<12>, outa<12>.
WARNING:Xst:2170 - Unit ram8 : the following signal(s) form a combinatorial loop: out<11>, r1/r12/r2/n4/y_and0000, m1/w1<11>, r1/r12/w1, outa<11>.
WARNING:Xst:2170 - Unit ram8 : the following signal(s) form a combinatorial loop: r1/r11/r2/n4/y_and0000, r1/r11/w1, out<10>, m1/w1<10>, outa<10>.
WARNING:Xst:2170 - Unit ram8 : the following signal(s) form a combinatorial loop: outa<9>, r1/r10/r2/n4/y_and0000, r1/r10/w1, out<9>, m1/w1<9>.
WARNING:Xst:2170 - Unit ram8 : the following signal(s) form a combinatorial loop: outa<8>, r1/r9/r2/n4/y_and0000, r1/r9/w1, out<8>, m1/w1<8>.
WARNING:Xst:2170 - Unit ram8 : the following signal(s) form a combinatorial loop: m1/w1<7>, r1/r8/r2/n4/y_and0000, outa<7>, r1/r8/w1, out<7>.
WARNING:Xst:2170 - Unit ram8 : the following signal(s) form a combinatorial loop: out<6>, m1/w1<6>, outa<6>, r1/r7/r2/n4/y_and0000, r1/r7/w1.
WARNING:Xst:2170 - Unit ram8 : the following signal(s) form a combinatorial loop: out<5>, r1/r6/r2/n4/y_and0000, r1/r6/w1, outa<5>, m1/w1<5>.
WARNING:Xst:2170 - Unit ram8 : the following signal(s) form a combinatorial loop: r1/r5/r2/n4/y_and0000, r1/r5/w1, m1/w1<4>, out<4>, outa<4>.
WARNING:Xst:2170 - Unit ram8 : the following signal(s) form a combinatorial loop: m1/w1<3>, r1/r4/w1, outa<3>, out<3>, r1/r4/r2/n4/y_and0000.
WARNING:Xst:2170 - Unit ram8 : the following signal(s) form a combinatorial loop: r1/r3/w1, m1/w1<2>, r1/r3/r2/n4/y_and0000, outa<2>, out<2>.
WARNING:Xst:2170 - Unit ram8 : the following signal(s) form a combinatorial loop: r1/r2/w1, m1/w1<1>, outa<1>, r1/r2/r2/n4/y_and0000, out<1>.
WARNING:Xst:2170 - Unit ram8 : the following signal(s) form a combinatorial loop: out<0>, r1/r1/r2/n4/y_and0000, r1/r1/w1_XDM0001, m1/w1<0>, outa<0>.
WARNING:Xst:2170 - Unit ram8 : the following signal(s) form a combinatorial loop: r1/r11/r2/n4/y_and0000.
WARNING:Xst:2170 - Unit ram8 : the following signal(s) form a combinatorial loop: r1/r5/r2/n4/y_and0000.
WARNING:Xst:2170 - Unit ram8 : the following signal(s) form a combinatorial loop: r1/r13/r2/n4/y_and0000.
WARNING:Xst:2170 - Unit ram8 : the following signal(s) form a combinatorial loop: r1/r3/r2/n4/y_and0000.
WARNING:Xst:2170 - Unit ram8 : the following signal(s) form a combinatorial loop: r1/r10/r2/n4/y_and0000.
WARNING:Xst:2170 - Unit ram8 : the following signal(s) form a combinatorial loop: r1/r16/r2/n4/y_and0000.
WARNING:Xst:2170 - Unit ram8 : the following signal(s) form a combinatorial loop: r1/r15/r2/n4/y_and0000.
WARNING:Xst:2170 - Unit ram8 : the following signal(s) form a combinatorial loop: r1/r6/r2/n4/y_and0000.
WARNING:Xst:2170 - Unit ram8 : the following signal(s) form a combinatorial loop: r1/r9/r2/n4/y_and0000.
WARNING:Xst:2170 - Unit ram8 : the following signal(s) form a combinatorial loop: r1/r1/r2/n4/y_and0000.
WARNING:Xst:2170 - Unit ram8 : the following signal(s) form a combinatorial loop: r1/r8/r2/n4/y_and0000.
WARNING:Xst:2170 - Unit ram8 : the following signal(s) form a combinatorial loop: r1/r12/r2/n4/y_and0000.
WARNING:Xst:2170 - Unit ram8 : the following signal(s) form a combinatorial loop: r1/r14/r2/n4/y_and0000.
WARNING:Xst:2170 - Unit ram8 : the following signal(s) form a combinatorial loop: r1/r7/r2/n4/y_and0000.
WARNING:Xst:2170 - Unit ram8 : the following signal(s) form a combinatorial loop: r1/r2/r2/n4/y_and0000.
WARNING:Xst:2170 - Unit ram8 : the following signal(s) form a combinatorial loop: r1/r4/r2/n4/y_and0000.

Optimizing unit <ram64> ...

Optimizing unit <ram8> ...

Mapping all equations...
WARNING:Xst:2170 - Unit ram64 : the following signal(s) form a combinatorial loop: N1761, out<15>, r4/r4/r16/r2/n4/y_and0000, m1/m3/mx16/m4/y292, m1/m3/mx16/m4/y248, r4/outd<15>, m1/m3/mx16/m4/y148.
WARNING:Xst:2170 - Unit ram64 : the following signal(s) form a combinatorial loop: m1/m3/mx15/m4/y148, r4/outd<14>, m1/m3/mx15/m4/y292, out<14>, N1764, m1/m3/mx15/m4/y248, r4/r4/r15/r2/n4/y_and0000.
WARNING:Xst:2170 - Unit ram64 : the following signal(s) form a combinatorial loop: m1/m3/mx14/m4/y292, N1767, m1/m3/mx14/m4/y248, r4/r4/r14/r2/n4/y_and0000, out<13>, m1/m3/mx14/m4/y148, r4/outd<13>.
WARNING:Xst:2170 - Unit ram64 : the following signal(s) form a combinatorial loop: m1/m3/mx13/m4/y292, m1/m3/mx13/m4/y148, r4/outd<12>, m1/m3/mx13/m4/y248, r4/r4/r13/r2/n4/y_and0000, N1770, out<12>.
WARNING:Xst:2170 - Unit ram64 : the following signal(s) form a combinatorial loop: r4/outd<11>, m1/m3/mx12/m4/y292, N1773, m1/m3/mx12/m4/y248, r4/r4/r12/r2/n4/y_and0000, m1/m3/mx12/m4/y148, out<11>.
WARNING:Xst:2170 - Unit ram64 : the following signal(s) form a combinatorial loop: out<10>, m1/m3/mx11/m4/y148, r4/r4/r11/r2/n4/y_and0000, r4/outd<10>, m1/m3/mx11/m4/y248, m1/m3/mx11/m4/y292, N1776.
WARNING:Xst:2170 - Unit ram64 : the following signal(s) form a combinatorial loop: m1/m3/mx10/m4/y148, r4/r4/r10/r2/n4/y_and0000, r4/outd<9>, out<9>, N1779, m1/m3/mx10/m4/y292, m1/m3/mx10/m4/y248.
WARNING:Xst:2170 - Unit ram64 : the following signal(s) form a combinatorial loop: m1/m3/mx9/m4/y292, r4/outd<8>, N1737, m1/m3/mx9/m4/y148, m1/m3/mx9/m4/y248, out<8>, r4/r4/r9/r2/n4/y_and0000.
WARNING:Xst:2170 - Unit ram64 : the following signal(s) form a combinatorial loop: out<7>, m1/m3/mx8/m4/y248, m1/m3/mx8/m4/y148, m1/m3/mx8/m4/y292, r4/r4/r8/r2/n4/y_and0000, r4/outd<7>, N1740.
WARNING:Xst:2170 - Unit ram64 : the following signal(s) form a combinatorial loop: out<6>, m1/m3/mx7/m4/y248, m1/m3/mx7/m4/y148, N1743, r4/r4/r7/r2/n4/y_and0000, m1/m3/mx7/m4/y292, r4/outd<6>.
WARNING:Xst:2170 - Unit ram64 : the following signal(s) form a combinatorial loop: r4/r4/r6/r2/n4/y_and0000, out<5>, N1746, r4/outd<5>, m1/m3/mx6/m4/y248, m1/m3/mx6/m4/y292, m1/m3/mx6/m4/y148.
WARNING:Xst:2170 - Unit ram64 : the following signal(s) form a combinatorial loop: out<4>, m1/m3/mx5/m4/y148, m1/m3/mx5/m4/y292, N1749, r4/outd<4>, m1/m3/mx5/m4/y248, r4/r4/r5/r2/n4/y_and0000.
WARNING:Xst:2170 - Unit ram64 : the following signal(s) form a combinatorial loop: r4/outd<3>, m1/m3/mx4/m4/y148, N1752, r4/r4/r4/r2/n4/y_and0000, m1/m3/mx4/m4/y248, m1/m3/mx4/m4/y292, out<3>.
WARNING:Xst:2170 - Unit ram64 : the following signal(s) form a combinatorial loop: N1755, m1/m3/mx3/m4/y292, out<2>, m1/m3/mx3/m4/y248, r4/r4/r3/r2/n4/y_and0000, m1/m3/mx3/m4/y148, r4/outd<2>.
WARNING:Xst:2170 - Unit ram64 : the following signal(s) form a combinatorial loop: m1/m3/mx2/m4/y292, m1/m3/mx2/m4/y148, r4/r4/r2/r2/n4/y_and0000, out<1>, r4/outd<1>, N1758, m1/m3/mx2/m4/y248.
WARNING:Xst:2170 - Unit ram64 : the following signal(s) form a combinatorial loop: N1782, m1/m3/mx1/m4/y248, m1/m3/mx1/m4/y148, r4/outd<0>, out<0>, r4/r4/r1/r2/n4/y_and0000, m1/m3/mx1/m4/y292.
WARNING:Xst:2170 - Unit ram64 : the following signal(s) form a combinatorial loop: r4/outd<3>.
WARNING:Xst:2170 - Unit ram64 : the following signal(s) form a combinatorial loop: r4/outd<11>.
WARNING:Xst:2170 - Unit ram64 : the following signal(s) form a combinatorial loop: r4/outd<5>.
WARNING:Xst:2170 - Unit ram64 : the following signal(s) form a combinatorial loop: r4/outd<12>.
WARNING:Xst:2170 - Unit ram64 : the following signal(s) form a combinatorial loop: r4/outd<14>.
WARNING:Xst:2170 - Unit ram64 : the following signal(s) form a combinatorial loop: r4/outd<8>.
WARNING:Xst:2170 - Unit ram64 : the following signal(s) form a combinatorial loop: r4/outd<9>.
WARNING:Xst:2170 - Unit ram64 : the following signal(s) form a combinatorial loop: r4/outd<0>.
WARNING:Xst:2170 - Unit ram64 : the following signal(s) form a combinatorial loop: r4/outd<10>.
WARNING:Xst:2170 - Unit ram64 : the following signal(s) form a combinatorial loop: r4/outd<7>.
WARNING:Xst:2170 - Unit ram64 : the following signal(s) form a combinatorial loop: r4/outd<1>.
WARNING:Xst:2170 - Unit ram64 : the following signal(s) form a combinatorial loop: r4/outd<4>.
WARNING:Xst:2170 - Unit ram64 : the following signal(s) form a combinatorial loop: r4/outd<2>.
WARNING:Xst:2170 - Unit ram64 : the following signal(s) form a combinatorial loop: r4/outd<6>.
WARNING:Xst:2170 - Unit ram64 : the following signal(s) form a combinatorial loop: r4/outd<15>.
WARNING:Xst:2170 - Unit ram64 : the following signal(s) form a combinatorial loop: r4/outd<13>.
Building and optimizing final netlist ...
Found area constraint ratio of 100 (+ 5) on block ram64, actual ratio is 303.
Optimizing block <ram64> to meet ratio 100 (+ 5) of 960 slices :
WARNING:Xst:2254 - Area constraint could not be met for block <ram64>, final ratio is 287.

Final Macro Processing ...

=========================================================================
Final Register Report

Found no macro
=========================================================================

=========================================================================
*                           Partition Report                            *
=========================================================================

Partition Implementation Status
-------------------------------

  No Partitions were found in this design.

-------------------------------

=========================================================================
*                            Final Report                               *
=========================================================================
Final Results
RTL Top Level Output File Name     : ram64.ngr
Top Level Output File Name         : ram64
Output Format                      : NGC
Optimization Goal                  : Speed
Keep Hierarchy                     : No

Design Statistics
# IOs                              : 40

Cell Usage :
# BELS                             : 5064
#      LUT2                        : 16
#      LUT3                        : 1216
#      LUT4                        : 2600
#      MUXF5                       : 1232
# IO Buffers                       : 40
#      IBUF                        : 24
#      OBUF                        : 16
=========================================================================

Device utilization summary:
---------------------------

Selected Device : 3s100evq100-5 

 Number of Slices:                     2019  out of    960   210% (*) 
 Number of 4 input LUTs:               3832  out of   1920   199% (*) 
 Number of IOs:                          40
 Number of bonded IOBs:                  40  out of     66    60%  

WARNING:Xst:1336 -  (*) More than 100% of Device resources are used

---------------------------
Partition Resource Summary:
---------------------------

  No Partitions were found in this design.

---------------------------


=========================================================================
TIMING REPORT

NOTE: THESE TIMING NUMBERS ARE ONLY A SYNTHESIS ESTIMATE.
      FOR ACCURATE TIMING INFORMATION PLEASE REFER TO THE TRACE REPORT
      GENERATED AFTER PLACE-and-ROUTE.

Clock Information:
------------------
No clock signals found in this design

Asynchronous Control Signals Information:
----------------------------------------
No asynchronous control signals found in this design

Timing Summary:
---------------
Speed Grade: -5

   Minimum period: No path found
   Minimum input arrival time before clock: No path found
   Maximum output required time after clock: No path found
   Maximum combinational path delay: 15.654ns

Timing Detail:
--------------
All values displayed in nanoseconds (ns)

=========================================================================
Timing constraint: Default path analysis
  Total number of paths / destination ports: 20704 / 16
-------------------------------------------------------------------------
Delay:               15.654ns (Levels of Logic = 13)
  Source:            address<0> (PAD)
  Destination:       out<15> (PAD)

  Data Path: address<0> to out<15>
                                Gate     Net
    Cell:in->out      fanout   Delay   Delay  Logical Name (Net Name)
    ----------------------------------------  ------------
     IBUF:I->O            24   1.106   1.216  address_0_IBUF (address_0_IBUF)
     LUT4:I0->O            8   0.612   0.673  d1/d2/d3/d2/y_and00001 (c)
     LUT4:I2->O           32   0.612   1.225  r3/d1/d2/d3/d2/y_and00001 (r3/d1/d2/d3/d2/y_and0000)
     LUT4:I0->O            1   0.612   0.000  r3/r3/r9/r2/n4/y_and00001 (r3/r3/r9/r2/n4/y_and00001)
     MUXF5:I1->O           2   0.278   0.410  r3/r3/r9/r2/n4/y_and0000_f5 (r3/r3/r9/r2/n4/y_and0000)
     LUT3:I2->O            4   0.612   0.568  r3/outc<8>1 (r3/outc<8>)
     LUT3:I1->O            1   0.612   0.000  m1/m3/mx9/m4/y854_G (N3125)
     MUXF5:I1->O           1   0.278   0.426  m1/m3/mx9/m4/y854 (m1/m3/mx9/m4/y854)
     LUT4:I1->O            1   0.612   0.387  m1/m3/mx9/m4/y898 (m1/m3/mx9/m4/y898)
     LUT4:I2->O            1   0.612   0.000  m1/m3/mx9/m4/y1244_G (N3131)
     MUXF5:I1->O           1   0.278   0.387  m1/m3/mx9/m4/y1244 (m1/m3/mx9/m4/y1244)
     LUT4:I2->O            1   0.612   0.357  m1/m3/mx9/m4/y1274 (out_8_OBUF)
     OBUF:I->O                 3.169          out_8_OBUF (out<8>)
    ----------------------------------------
    Total                     15.654ns (10.005ns logic, 5.649ns route)
                                       (63.9% logic, 36.1% route)

=========================================================================


Total REAL time to Xst completion: 37.00 secs
Total CPU time to Xst completion: 37.05 secs
 
--> 

Total memory usage is 863568 kilobytes

Number of errors   :    0 (   0 filtered)
Number of warnings :   66 (   0 filtered)
Number of infos    :    0 (   0 filtered)

